2014/09/27 21:46:18 INFO  - jmeter.util.JMeterUtils: Setting Locale to en_US 
2014/09/27 21:46:18 INFO  - jmeter.JMeter: Loading user properties from: E:\SoftWares\apache-jmeter-2.11\bin\user.properties 
2014/09/27 21:46:18 INFO  - jmeter.JMeter: Loading system properties from: E:\SoftWares\apache-jmeter-2.11\bin\system.properties 
2014/09/27 21:46:18 INFO  - jmeter.JMeter: Copyright (c) 1998-2014 The Apache Software Foundation 
2014/09/27 21:46:18 INFO  - jmeter.JMeter: Version 2.11 r1554548 
2014/09/27 21:46:18 INFO  - jmeter.JMeter: java.version=1.6.0_05 
2014/09/27 21:46:18 INFO  - jmeter.JMeter: java.vm.name=Java HotSpot(TM) Client VM 
2014/09/27 21:46:18 INFO  - jmeter.JMeter: os.name=Windows XP 
2014/09/27 21:46:18 INFO  - jmeter.JMeter: os.arch=x86 
2014/09/27 21:46:18 INFO  - jmeter.JMeter: os.version=5.1 
2014/09/27 21:46:18 INFO  - jmeter.JMeter: file.encoding=Cp1252 
2014/09/27 21:46:18 INFO  - jmeter.JMeter: Default Locale=English (United States) 
2014/09/27 21:46:18 INFO  - jmeter.JMeter: JMeter  Locale=English (United States) 
2014/09/27 21:46:18 INFO  - jmeter.JMeter: JMeterHome=E:\SoftWares\apache-jmeter-2.11 
2014/09/27 21:46:18 INFO  - jmeter.JMeter: user.dir  =E:\SoftWares\apache-jmeter-2.11\bin 
2014/09/27 21:46:18 INFO  - jmeter.JMeter: PWD       =E:\SoftWares\apache-jmeter-2.11\bin 
2014/09/27 21:46:18 INFO  - jmeter.JMeter: IP: 127.0.0.1 Name: user-ca1b61f92c FullName: localhost 
2014/09/27 21:46:18 INFO  - jmeter.engine.RemoteJMeterEngineImpl: Starting backing engine on 1099 
2014/09/27 21:46:18 INFO  - jmeter.engine.RemoteJMeterEngineImpl: Local IP address=127.0.0.1 
2014/09/27 21:46:18 ERROR - jmeter.JMeter: Giving up, as server failed with: java.rmi.RemoteException: Cannot start. user-ca1b61f92c is a loopback address.
	at org.apache.jmeter.engine.RemoteJMeterEngineImpl.init(RemoteJMeterEngineImpl.java:103)
	at org.apache.jmeter.engine.RemoteJMeterEngineImpl.startServer(RemoteJMeterEngineImpl.java:82)
	at org.apache.jmeter.JMeter.start(JMeter.java:363)
	at sun.reflect.NativeMethodAccessorImpl.invoke0(Native Method)
	at sun.reflect.NativeMethodAccessorImpl.invoke(Unknown Source)
	at sun.reflect.DelegatingMethodAccessorImpl.invoke(Unknown Source)
	at java.lang.reflect.Method.invoke(Unknown Source)
	at org.apache.jmeter.NewDriver.main(NewDriver.java:259)

2014/09/27 21:46:18 FATAL - jmeter.JMeter: An error occurred:  java.rmi.RemoteException: Cannot start. user-ca1b61f92c is a loopback address.
	at org.apache.jmeter.engine.RemoteJMeterEngineImpl.init(RemoteJMeterEngineImpl.java:103)
	at org.apache.jmeter.engine.RemoteJMeterEngineImpl.startServer(RemoteJMeterEngineImpl.java:82)
	at org.apache.jmeter.JMeter.start(JMeter.java:363)
	at sun.reflect.NativeMethodAccessorImpl.invoke0(Native Method)
	at sun.reflect.NativeMethodAccessorImpl.invoke(Unknown Source)
	at sun.reflect.DelegatingMethodAccessorImpl.invoke(Unknown Source)
	at java.lang.reflect.Method.invoke(Unknown Source)
	at org.apache.jmeter.NewDriver.main(NewDriver.java:259)

