Nov 23, 2015 8:53:05 AM org.apache.catalina.core.AprLifecycleListener lifecycleEvent
INFO: Loaded APR based Apache Tomcat Native library 1.1.33 using APR version 1.5.1.
Nov 23, 2015 8:53:05 AM org.apache.catalina.core.AprLifecycleListener lifecycleEvent
INFO: APR capabilities: IPv6 [true], sendfile [true], accept filters [false], random [true].
Nov 23, 2015 8:53:06 AM org.apache.catalina.core.AprLifecycleListener initializeSSL
INFO: OpenSSL successfully initialized (OpenSSL 1.0.1m 19 Mar 2015)
Nov 23, 2015 8:53:06 AM org.apache.coyote.AbstractProtocol init
INFO: Initializing ProtocolHandler ["http-apr-8081"]
Nov 23, 2015 8:53:06 AM org.apache.coyote.AbstractProtocol init
INFO: Initializing ProtocolHandler ["ajp-apr-8009"]
Nov 23, 2015 8:53:06 AM org.apache.catalina.startup.Catalina load
INFO: Initialization processed in 1602 ms
Nov 23, 2015 8:53:06 AM org.apache.catalina.core.StandardService startInternal
INFO: Starting service Catalina
Nov 23, 2015 8:53:06 AM org.apache.catalina.core.StandardEngine startInternal
INFO: Starting Servlet Engine: Apache Tomcat/7.0.65
Nov 23, 2015 8:53:06 AM org.apache.catalina.startup.HostConfig deployWAR
INFO: Deploying web application archive D:\SCM_Tools\apache-tomcat-7.0.65\webapps\CounterWebApp.war
Nov 23, 2015 8:53:07 AM org.apache.catalina.startup.TldConfig execute
INFO: At least one JAR was scanned for TLDs yet contained no TLDs. Enable debug logging for this logger for a complete list of JARs that were scanned but no TLDs were found in them. Skipping unneeded JARs during scanning can improve startup time and JSP compilation time.
Nov 23, 2015 8:53:09 AM org.apache.catalina.startup.HostConfig deployWAR
INFO: Deployment of web application archive D:\SCM_Tools\apache-tomcat-7.0.65\webapps\CounterWebApp.war has finished in 2,312 ms
Nov 23, 2015 8:53:09 AM org.apache.catalina.startup.HostConfig deployDirectory
INFO: Deploying web application directory D:\SCM_Tools\apache-tomcat-7.0.65\webapps\docs
Nov 23, 2015 8:53:09 AM org.apache.catalina.startup.HostConfig deployDirectory
INFO: Deployment of web application directory D:\SCM_Tools\apache-tomcat-7.0.65\webapps\docs has finished in 31 ms
Nov 23, 2015 8:53:09 AM org.apache.catalina.startup.HostConfig deployDirectory
INFO: Deploying web application directory D:\SCM_Tools\apache-tomcat-7.0.65\webapps\examples
Nov 23, 2015 8:53:09 AM org.apache.catalina.startup.HostConfig deployDirectory
INFO: Deployment of web application directory D:\SCM_Tools\apache-tomcat-7.0.65\webapps\examples has finished in 266 ms
Nov 23, 2015 8:53:09 AM org.apache.catalina.startup.HostConfig deployDirectory
INFO: Deploying web application directory D:\SCM_Tools\apache-tomcat-7.0.65\webapps\host-manager
Nov 23, 2015 8:53:09 AM org.apache.catalina.startup.HostConfig deployDirectory
INFO: Deployment of web application directory D:\SCM_Tools\apache-tomcat-7.0.65\webapps\host-manager has finished in 63 ms
Nov 23, 2015 8:53:09 AM org.apache.catalina.startup.HostConfig deployDirectory
INFO: Deploying web application directory D:\SCM_Tools\apache-tomcat-7.0.65\webapps\manager
Nov 23, 2015 8:53:09 AM org.apache.catalina.startup.HostConfig deployDirectory
INFO: Deployment of web application directory D:\SCM_Tools\apache-tomcat-7.0.65\webapps\manager has finished in 46 ms
Nov 23, 2015 8:53:09 AM org.apache.catalina.startup.HostConfig deployDirectory
INFO: Deploying web application directory D:\SCM_Tools\apache-tomcat-7.0.65\webapps\ROOT
Nov 23, 2015 8:53:09 AM org.apache.catalina.startup.HostConfig deployDirectory
INFO: Deployment of web application directory D:\SCM_Tools\apache-tomcat-7.0.65\webapps\ROOT has finished in 32 ms
Nov 23, 2015 8:53:09 AM org.apache.coyote.AbstractProtocol start
INFO: Starting ProtocolHandler ["http-apr-8081"]
Nov 23, 2015 8:53:09 AM org.apache.coyote.AbstractProtocol start
INFO: Starting ProtocolHandler ["ajp-apr-8009"]
Nov 23, 2015 8:53:09 AM org.apache.catalina.startup.Catalina start
INFO: Server startup in 2852 ms
