Feb 11, 2016 4:50:15 AM org.apache.catalina.core.AprLifecycleListener lifecycleEvent
INFO: Loaded APR based Apache Tomcat Native library 1.1.33 using APR version 1.5.1.
Feb 11, 2016 4:50:15 AM org.apache.catalina.core.AprLifecycleListener lifecycleEvent
INFO: APR capabilities: IPv6 [true], sendfile [true], accept filters [false], random [true].
Feb 11, 2016 4:50:16 AM org.apache.catalina.core.AprLifecycleListener initializeSSL
INFO: OpenSSL successfully initialized (OpenSSL 1.0.1m 19 Mar 2015)
Feb 11, 2016 4:50:16 AM org.apache.coyote.AbstractProtocol init
INFO: Initializing ProtocolHandler ["http-apr-8081"]
Feb 11, 2016 4:50:16 AM org.apache.coyote.AbstractProtocol init
INFO: Initializing ProtocolHandler ["ajp-apr-8009"]
Feb 11, 2016 4:50:16 AM org.apache.catalina.startup.Catalina load
INFO: Initialization processed in 1176 ms
Feb 11, 2016 4:50:16 AM org.apache.catalina.core.StandardService startInternal
INFO: Starting service Catalina
Feb 11, 2016 4:50:16 AM org.apache.catalina.core.StandardEngine startInternal
INFO: Starting Servlet Engine: Apache Tomcat/7.0.65
Feb 11, 2016 4:50:16 AM org.apache.catalina.startup.HostConfig deployWAR
INFO: Deploying web application archive D:\SCM_Tools\apache-tomcat-7.0.65\webapps\CounterWebApp.war
Feb 11, 2016 4:50:17 AM org.apache.catalina.startup.TldConfig execute
INFO: At least one JAR was scanned for TLDs yet contained no TLDs. Enable debug logging for this logger for a complete list of JARs that were scanned but no TLDs were found in them. Skipping unneeded JARs during scanning can improve startup time and JSP compilation time.
Feb 11, 2016 4:50:18 AM org.apache.catalina.startup.HostConfig deployWAR
INFO: Deployment of web application archive D:\SCM_Tools\apache-tomcat-7.0.65\webapps\CounterWebApp.war has finished in 2,296 ms
Feb 11, 2016 4:50:18 AM org.apache.catalina.startup.HostConfig deployDirectory
INFO: Deploying web application directory D:\SCM_Tools\apache-tomcat-7.0.65\webapps\docs
Feb 11, 2016 4:50:18 AM org.apache.catalina.startup.HostConfig deployDirectory
INFO: Deployment of web application directory D:\SCM_Tools\apache-tomcat-7.0.65\webapps\docs has finished in 32 ms
Feb 11, 2016 4:50:18 AM org.apache.catalina.startup.HostConfig deployDirectory
INFO: Deploying web application directory D:\SCM_Tools\apache-tomcat-7.0.65\webapps\examples
Feb 11, 2016 4:50:19 AM org.apache.catalina.startup.HostConfig deployDirectory
INFO: Deployment of web application directory D:\SCM_Tools\apache-tomcat-7.0.65\webapps\examples has finished in 250 ms
Feb 11, 2016 4:50:19 AM org.apache.catalina.startup.HostConfig deployDirectory
INFO: Deploying web application directory D:\SCM_Tools\apache-tomcat-7.0.65\webapps\host-manager
Feb 11, 2016 4:50:19 AM org.apache.catalina.startup.HostConfig deployDirectory
INFO: Deployment of web application directory D:\SCM_Tools\apache-tomcat-7.0.65\webapps\host-manager has finished in 63 ms
Feb 11, 2016 4:50:19 AM org.apache.catalina.startup.HostConfig deployDirectory
INFO: Deploying web application directory D:\SCM_Tools\apache-tomcat-7.0.65\webapps\manager
Feb 11, 2016 4:50:19 AM org.apache.catalina.startup.HostConfig deployDirectory
INFO: Deployment of web application directory D:\SCM_Tools\apache-tomcat-7.0.65\webapps\manager has finished in 47 ms
Feb 11, 2016 4:50:19 AM org.apache.catalina.startup.HostConfig deployDirectory
INFO: Deploying web application directory D:\SCM_Tools\apache-tomcat-7.0.65\webapps\ROOT
Feb 11, 2016 4:50:19 AM org.apache.catalina.startup.HostConfig deployDirectory
INFO: Deployment of web application directory D:\SCM_Tools\apache-tomcat-7.0.65\webapps\ROOT has finished in 31 ms
Feb 11, 2016 4:50:19 AM org.apache.coyote.AbstractProtocol start
INFO: Starting ProtocolHandler ["http-apr-8081"]
Feb 11, 2016 4:50:19 AM org.apache.coyote.AbstractProtocol start
INFO: Starting ProtocolHandler ["ajp-apr-8009"]
Feb 11, 2016 4:50:19 AM org.apache.catalina.startup.Catalina start
INFO: Server startup in 2831 ms
Feb 11, 2016 5:28:30 AM org.apache.catalina.startup.HostConfig undeploy
INFO: Undeploying context [/CounterWebApp]
Feb 11, 2016 5:28:30 AM org.apache.catalina.startup.HostConfig deployWAR
INFO: Deploying web application archive D:\SCM_Tools\apache-tomcat-7.0.65\webapps\CounterWebApp.war
Feb 11, 2016 5:28:31 AM org.apache.catalina.startup.TldConfig execute
INFO: At least one JAR was scanned for TLDs yet contained no TLDs. Enable debug logging for this logger for a complete list of JARs that were scanned but no TLDs were found in them. Skipping unneeded JARs during scanning can improve startup time and JSP compilation time.
Feb 11, 2016 5:28:31 AM org.apache.catalina.startup.HostConfig deployWAR
INFO: Deployment of web application archive D:\SCM_Tools\apache-tomcat-7.0.65\webapps\CounterWebApp.war has finished in 1,187 ms
Feb 11, 2016 5:48:54 AM org.apache.catalina.core.StandardServer await
INFO: A valid shutdown command was received via the shutdown port. Stopping the Server instance.
Feb 11, 2016 5:48:54 AM org.apache.coyote.AbstractProtocol pause
INFO: Pausing ProtocolHandler ["http-apr-8081"]
Feb 11, 2016 5:48:54 AM org.apache.coyote.AbstractProtocol pause
INFO: Pausing ProtocolHandler ["ajp-apr-8009"]
Feb 11, 2016 5:48:54 AM org.apache.catalina.core.StandardService stopInternal
INFO: Stopping service Catalina
Feb 11, 2016 5:48:54 AM org.apache.coyote.AbstractProtocol stop
INFO: Stopping ProtocolHandler ["http-apr-8081"]
Feb 11, 2016 5:48:54 AM org.apache.coyote.AbstractProtocol stop
INFO: Stopping ProtocolHandler ["ajp-apr-8009"]
Feb 11, 2016 5:48:54 AM org.apache.coyote.AbstractProtocol destroy
INFO: Destroying ProtocolHandler ["http-apr-8081"]
Feb 11, 2016 5:48:54 AM org.apache.coyote.AbstractProtocol destroy
INFO: Destroying ProtocolHandler ["ajp-apr-8009"]
