Feb 04, 2016 10:26:27 AM org.apache.catalina.core.AprLifecycleListener lifecycleEvent
INFO: Loaded APR based Apache Tomcat Native library 1.1.33 using APR version 1.5.1.
Feb 04, 2016 10:26:27 AM org.apache.catalina.core.AprLifecycleListener lifecycleEvent
INFO: APR capabilities: IPv6 [true], sendfile [true], accept filters [false], random [true].
Feb 04, 2016 10:26:27 AM org.apache.catalina.core.AprLifecycleListener lifecycleEvent
INFO: Loaded APR based Apache Tomcat Native library 1.1.33 using APR version 1.5.1.
Feb 04, 2016 10:26:27 AM org.apache.catalina.core.AprLifecycleListener lifecycleEvent
INFO: APR capabilities: IPv6 [true], sendfile [true], accept filters [false], random [true].
Feb 04, 2016 10:26:27 AM org.apache.catalina.core.AprLifecycleListener initializeSSL
INFO: OpenSSL successfully initialized (OpenSSL 1.0.1m 19 Mar 2015)
Feb 04, 2016 10:26:27 AM org.apache.catalina.core.AprLifecycleListener initializeSSL
INFO: OpenSSL successfully initialized (OpenSSL 1.0.1m 19 Mar 2015)
Feb 04, 2016 10:26:28 AM org.apache.coyote.AbstractProtocol init
INFO: Initializing ProtocolHandler ["http-apr-8081"]
Feb 04, 2016 10:26:28 AM org.apache.coyote.AbstractProtocol init
INFO: Initializing ProtocolHandler ["http-apr-8081"]
Feb 04, 2016 10:26:28 AM org.apache.coyote.AbstractProtocol init
INFO: Initializing ProtocolHandler ["ajp-apr-8009"]
Feb 04, 2016 10:26:28 AM org.apache.coyote.AbstractProtocol init
SEVERE: Failed to initialize end point associated with ProtocolHandler ["http-apr-8081"]
java.lang.Exception: Socket bind failed: [730048] Only one usage of each socket address (protocol/network address/port) is normally permitted.  
	at org.apache.tomcat.util.net.AprEndpoint.bind(AprEndpoint.java:470)
	at org.apache.tomcat.util.net.AbstractEndpoint.init(AbstractEndpoint.java:651)
	at org.apache.coyote.AbstractProtocol.init(AbstractProtocol.java:434)
	at org.apache.catalina.connector.Connector.initInternal(Connector.java:978)
	at org.apache.catalina.util.LifecycleBase.init(LifecycleBase.java:102)
	at org.apache.catalina.core.StandardService.initInternal(StandardService.java:559)
	at org.apache.catalina.util.LifecycleBase.init(LifecycleBase.java:102)
	at org.apache.catalina.core.StandardServer.initInternal(StandardServer.java:821)
	at org.apache.catalina.util.LifecycleBase.init(LifecycleBase.java:102)
	at org.apache.catalina.startup.Catalina.load(Catalina.java:638)
	at org.apache.catalina.startup.Catalina.load(Catalina.java:663)
	at sun.reflect.NativeMethodAccessorImpl.invoke0(Native Method)
	at sun.reflect.NativeMethodAccessorImpl.invoke(Unknown Source)
	at sun.reflect.DelegatingMethodAccessorImpl.invoke(Unknown Source)
	at java.lang.reflect.Method.invoke(Unknown Source)
	at org.apache.catalina.startup.Bootstrap.load(Bootstrap.java:253)
	at org.apache.catalina.startup.Bootstrap.main(Bootstrap.java:427)

Feb 04, 2016 10:26:28 AM org.apache.catalina.startup.Catalina load
INFO: Initialization processed in 1680 ms
Feb 04, 2016 10:26:28 AM org.apache.catalina.core.StandardService initInternal
SEVERE: Failed to initialize connector [Connector[HTTP/1.1-8081]]
org.apache.catalina.LifecycleException: Failed to initialize component [Connector[HTTP/1.1-8081]]
	at org.apache.catalina.util.LifecycleBase.init(LifecycleBase.java:106)
	at org.apache.catalina.core.StandardService.initInternal(StandardService.java:559)
	at org.apache.catalina.util.LifecycleBase.init(LifecycleBase.java:102)
	at org.apache.catalina.core.StandardServer.initInternal(StandardServer.java:821)
	at org.apache.catalina.util.LifecycleBase.init(LifecycleBase.java:102)
	at org.apache.catalina.startup.Catalina.load(Catalina.java:638)
	at org.apache.catalina.startup.Catalina.load(Catalina.java:663)
	at sun.reflect.NativeMethodAccessorImpl.invoke0(Native Method)
	at sun.reflect.NativeMethodAccessorImpl.invoke(Unknown Source)
	at sun.reflect.DelegatingMethodAccessorImpl.invoke(Unknown Source)
	at java.lang.reflect.Method.invoke(Unknown Source)
	at org.apache.catalina.startup.Bootstrap.load(Bootstrap.java:253)
	at org.apache.catalina.startup.Bootstrap.main(Bootstrap.java:427)
Caused by: org.apache.catalina.LifecycleException: Protocol handler initialization failed
	at org.apache.catalina.connector.Connector.initInternal(Connector.java:980)
	at org.apache.catalina.util.LifecycleBase.init(LifecycleBase.java:102)
	... 12 more
Caused by: java.lang.Exception: Socket bind failed: [730048] Only one usage of each socket address (protocol/network address/port) is normally permitted.  
	at org.apache.tomcat.util.net.AprEndpoint.bind(AprEndpoint.java:470)
	at org.apache.tomcat.util.net.AbstractEndpoint.init(AbstractEndpoint.java:651)
	at org.apache.coyote.AbstractProtocol.init(AbstractProtocol.java:434)
	at org.apache.catalina.connector.Connector.initInternal(Connector.java:978)
	... 13 more

Feb 04, 2016 10:26:28 AM org.apache.coyote.AbstractProtocol init
INFO: Initializing ProtocolHandler ["ajp-apr-8009"]
Feb 04, 2016 10:26:28 AM org.apache.coyote.AbstractProtocol init
SEVERE: Failed to initialize end point associated with ProtocolHandler ["ajp-apr-8009"]
java.lang.Exception: Socket bind failed: [730048] Only one usage of each socket address (protocol/network address/port) is normally permitted.  
	at org.apache.tomcat.util.net.AprEndpoint.bind(AprEndpoint.java:470)
	at org.apache.tomcat.util.net.AbstractEndpoint.init(AbstractEndpoint.java:651)
	at org.apache.coyote.AbstractProtocol.init(AbstractProtocol.java:434)
	at org.apache.catalina.connector.Connector.initInternal(Connector.java:978)
	at org.apache.catalina.util.LifecycleBase.init(LifecycleBase.java:102)
	at org.apache.catalina.core.StandardService.initInternal(StandardService.java:559)
	at org.apache.catalina.util.LifecycleBase.init(LifecycleBase.java:102)
	at org.apache.catalina.core.StandardServer.initInternal(StandardServer.java:821)
	at org.apache.catalina.util.LifecycleBase.init(LifecycleBase.java:102)
	at org.apache.catalina.startup.Catalina.load(Catalina.java:638)
	at org.apache.catalina.startup.Catalina.load(Catalina.java:663)
	at sun.reflect.NativeMethodAccessorImpl.invoke0(Native Method)
	at sun.reflect.NativeMethodAccessorImpl.invoke(Unknown Source)
	at sun.reflect.DelegatingMethodAccessorImpl.invoke(Unknown Source)
	at java.lang.reflect.Method.invoke(Unknown Source)
	at org.apache.catalina.startup.Bootstrap.load(Bootstrap.java:253)
	at org.apache.catalina.startup.Bootstrap.main(Bootstrap.java:427)

Feb 04, 2016 10:26:28 AM org.apache.catalina.core.StandardService initInternal
SEVERE: Failed to initialize connector [Connector[AJP/1.3-8009]]
org.apache.catalina.LifecycleException: Failed to initialize component [Connector[AJP/1.3-8009]]
	at org.apache.catalina.util.LifecycleBase.init(LifecycleBase.java:106)
	at org.apache.catalina.core.StandardService.initInternal(StandardService.java:559)
	at org.apache.catalina.util.LifecycleBase.init(LifecycleBase.java:102)
	at org.apache.catalina.core.StandardServer.initInternal(StandardServer.java:821)
	at org.apache.catalina.util.LifecycleBase.init(LifecycleBase.java:102)
	at org.apache.catalina.startup.Catalina.load(Catalina.java:638)
	at org.apache.catalina.startup.Catalina.load(Catalina.java:663)
	at sun.reflect.NativeMethodAccessorImpl.invoke0(Native Method)
	at sun.reflect.NativeMethodAccessorImpl.invoke(Unknown Source)
	at sun.reflect.DelegatingMethodAccessorImpl.invoke(Unknown Source)
	at java.lang.reflect.Method.invoke(Unknown Source)
	at org.apache.catalina.startup.Bootstrap.load(Bootstrap.java:253)
	at org.apache.catalina.startup.Bootstrap.main(Bootstrap.java:427)
Caused by: org.apache.catalina.LifecycleException: Protocol handler initialization failed
	at org.apache.catalina.connector.Connector.initInternal(Connector.java:980)
	at org.apache.catalina.util.LifecycleBase.init(LifecycleBase.java:102)
	... 12 more
Caused by: java.lang.Exception: Socket bind failed: [730048] Only one usage of each socket address (protocol/network address/port) is normally permitted.  
	at org.apache.tomcat.util.net.AprEndpoint.bind(AprEndpoint.java:470)
	at org.apache.tomcat.util.net.AbstractEndpoint.init(AbstractEndpoint.java:651)
	at org.apache.coyote.AbstractProtocol.init(AbstractProtocol.java:434)
	at org.apache.catalina.connector.Connector.initInternal(Connector.java:978)
	... 13 more

Feb 04, 2016 10:26:28 AM org.apache.catalina.startup.Catalina load
INFO: Initialization processed in 1693 ms
Feb 04, 2016 10:26:28 AM org.apache.catalina.core.StandardService startInternal
INFO: Starting service Catalina
Feb 04, 2016 10:26:28 AM org.apache.catalina.core.StandardEngine startInternal
INFO: Starting Servlet Engine: Apache Tomcat/7.0.65
Feb 04, 2016 10:26:28 AM org.apache.catalina.core.StandardService startInternal
INFO: Starting service Catalina
Feb 04, 2016 10:26:28 AM org.apache.catalina.core.StandardEngine startInternal
INFO: Starting Servlet Engine: Apache Tomcat/7.0.65
Feb 04, 2016 10:26:28 AM org.apache.catalina.startup.HostConfig deployWAR
INFO: Deploying web application archive D:\SCM_Tools\apache-tomcat-7.0.65\webapps\CounterWebApp.war
Feb 04, 2016 10:26:28 AM org.apache.catalina.startup.HostConfig deployWAR
INFO: Deploying web application archive D:\SCM_Tools\apache-tomcat-7.0.65\webapps\CounterWebApp.war
Feb 04, 2016 10:26:30 AM org.apache.catalina.startup.TldConfig execute
INFO: At least one JAR was scanned for TLDs yet contained no TLDs. Enable debug logging for this logger for a complete list of JARs that were scanned but no TLDs were found in them. Skipping unneeded JARs during scanning can improve startup time and JSP compilation time.
Feb 04, 2016 10:26:30 AM org.apache.catalina.startup.TldConfig execute
INFO: At least one JAR was scanned for TLDs yet contained no TLDs. Enable debug logging for this logger for a complete list of JARs that were scanned but no TLDs were found in them. Skipping unneeded JARs during scanning can improve startup time and JSP compilation time.
Feb 04, 2016 10:26:32 AM org.apache.catalina.util.SessionIdGeneratorBase createSecureRandom
INFO: Creation of SecureRandom instance for session ID generation using [SHA1PRNG] took [469] milliseconds.
Feb 04, 2016 10:26:33 AM org.apache.catalina.startup.HostConfig deployWAR
INFO: Deployment of web application archive D:\SCM_Tools\apache-tomcat-7.0.65\webapps\CounterWebApp.war has finished in 4,735 ms
Feb 04, 2016 10:26:33 AM org.apache.catalina.startup.HostConfig deployDirectory
INFO: Deploying web application directory D:\SCM_Tools\apache-tomcat-7.0.65\webapps\docs
Feb 04, 2016 10:26:33 AM org.apache.catalina.startup.HostConfig deployDirectory
INFO: Deployment of web application directory D:\SCM_Tools\apache-tomcat-7.0.65\webapps\docs has finished in 47 ms
Feb 04, 2016 10:26:33 AM org.apache.catalina.startup.HostConfig deployDirectory
INFO: Deploying web application directory D:\SCM_Tools\apache-tomcat-7.0.65\webapps\examples
Feb 04, 2016 10:26:33 AM org.apache.catalina.startup.HostConfig deployWAR
INFO: Deployment of web application archive D:\SCM_Tools\apache-tomcat-7.0.65\webapps\CounterWebApp.war has finished in 4,828 ms
Feb 04, 2016 10:26:33 AM org.apache.catalina.startup.HostConfig deployDirectory
INFO: Deploying web application directory D:\SCM_Tools\apache-tomcat-7.0.65\webapps\docs
Feb 04, 2016 10:26:33 AM org.apache.catalina.startup.HostConfig deployDirectory
INFO: Deployment of web application directory D:\SCM_Tools\apache-tomcat-7.0.65\webapps\docs has finished in 31 ms
Feb 04, 2016 10:26:33 AM org.apache.catalina.startup.HostConfig deployDirectory
INFO: Deploying web application directory D:\SCM_Tools\apache-tomcat-7.0.65\webapps\examples
Feb 04, 2016 10:26:34 AM org.apache.catalina.startup.HostConfig deployDirectory
INFO: Deployment of web application directory D:\SCM_Tools\apache-tomcat-7.0.65\webapps\examples has finished in 1,047 ms
Feb 04, 2016 10:26:34 AM org.apache.catalina.startup.HostConfig deployDirectory
INFO: Deploying web application directory D:\SCM_Tools\apache-tomcat-7.0.65\webapps\host-manager
Feb 04, 2016 10:26:34 AM org.apache.catalina.startup.HostConfig deployDirectory
INFO: Deployment of web application directory D:\SCM_Tools\apache-tomcat-7.0.65\webapps\host-manager has finished in 47 ms
Feb 04, 2016 10:26:34 AM org.apache.catalina.startup.HostConfig deployDirectory
INFO: Deploying web application directory D:\SCM_Tools\apache-tomcat-7.0.65\webapps\manager
Feb 04, 2016 10:26:34 AM org.apache.catalina.startup.HostConfig deployDirectory
INFO: Deployment of web application directory D:\SCM_Tools\apache-tomcat-7.0.65\webapps\manager has finished in 31 ms
Feb 04, 2016 10:26:34 AM org.apache.catalina.startup.HostConfig deployDirectory
INFO: Deploying web application directory D:\SCM_Tools\apache-tomcat-7.0.65\webapps\ROOT
Feb 04, 2016 10:26:34 AM org.apache.catalina.startup.HostConfig deployDirectory
INFO: Deployment of web application directory D:\SCM_Tools\apache-tomcat-7.0.65\webapps\ROOT has finished in 32 ms
Feb 04, 2016 10:26:34 AM org.apache.coyote.AbstractProtocol start
INFO: Starting ProtocolHandler ["http-apr-8081"]
Feb 04, 2016 10:26:34 AM org.apache.catalina.startup.HostConfig deployDirectory
INFO: Deployment of web application directory D:\SCM_Tools\apache-tomcat-7.0.65\webapps\examples has finished in 1,172 ms
Feb 04, 2016 10:26:34 AM org.apache.catalina.startup.HostConfig deployDirectory
INFO: Deploying web application directory D:\SCM_Tools\apache-tomcat-7.0.65\webapps\host-manager
Feb 04, 2016 10:26:34 AM org.apache.coyote.AbstractProtocol start
INFO: Starting ProtocolHandler ["ajp-apr-8009"]
Feb 04, 2016 10:26:34 AM org.apache.catalina.startup.Catalina start
INFO: Server startup in 6264 ms
Feb 04, 2016 10:26:34 AM org.apache.catalina.startup.HostConfig deployDirectory
INFO: Deployment of web application directory D:\SCM_Tools\apache-tomcat-7.0.65\webapps\host-manager has finished in 62 ms
Feb 04, 2016 10:26:34 AM org.apache.catalina.startup.HostConfig deployDirectory
INFO: Deploying web application directory D:\SCM_Tools\apache-tomcat-7.0.65\webapps\manager
Feb 04, 2016 10:26:34 AM org.apache.catalina.startup.HostConfig deployDirectory
INFO: Deployment of web application directory D:\SCM_Tools\apache-tomcat-7.0.65\webapps\manager has finished in 47 ms
Feb 04, 2016 10:26:34 AM org.apache.catalina.startup.HostConfig deployDirectory
INFO: Deploying web application directory D:\SCM_Tools\apache-tomcat-7.0.65\webapps\ROOT
Feb 04, 2016 10:26:34 AM org.apache.catalina.startup.HostConfig deployDirectory
INFO: Deployment of web application directory D:\SCM_Tools\apache-tomcat-7.0.65\webapps\ROOT has finished in 31 ms
Feb 04, 2016 10:26:34 AM org.apache.catalina.startup.Catalina start
INFO: Server startup in 6369 ms
Feb 04, 2016 10:26:34 AM org.apache.catalina.core.StandardServer await
SEVERE: StandardServer.await: create[localhost:8005]: 
java.net.BindException: Address already in use: JVM_Bind
	at java.net.DualStackPlainSocketImpl.bind0(Native Method)
	at java.net.DualStackPlainSocketImpl.socketBind(Unknown Source)
	at java.net.AbstractPlainSocketImpl.bind(Unknown Source)
	at java.net.PlainSocketImpl.bind(Unknown Source)
	at java.net.ServerSocket.bind(Unknown Source)
	at java.net.ServerSocket.<init>(Unknown Source)
	at org.apache.catalina.core.StandardServer.await(StandardServer.java:427)
	at org.apache.catalina.startup.Catalina.await(Catalina.java:777)
	at org.apache.catalina.startup.Catalina.start(Catalina.java:723)
	at sun.reflect.NativeMethodAccessorImpl.invoke0(Native Method)
	at sun.reflect.NativeMethodAccessorImpl.invoke(Unknown Source)
	at sun.reflect.DelegatingMethodAccessorImpl.invoke(Unknown Source)
	at java.lang.reflect.Method.invoke(Unknown Source)
	at org.apache.catalina.startup.Bootstrap.start(Bootstrap.java:294)
	at org.apache.catalina.startup.Bootstrap.main(Bootstrap.java:428)

Feb 04, 2016 10:26:34 AM org.apache.coyote.AbstractProtocol pause
INFO: Pausing ProtocolHandler ["http-apr-8081"]
Feb 04, 2016 10:26:34 AM org.apache.coyote.AbstractProtocol pause
INFO: Pausing ProtocolHandler ["ajp-apr-8009"]
Feb 04, 2016 10:26:34 AM org.apache.catalina.core.StandardService stopInternal
INFO: Stopping service Catalina
Feb 04, 2016 10:26:34 AM org.apache.coyote.AbstractProtocol stop
INFO: Stopping ProtocolHandler ["http-apr-8081"]
Feb 04, 2016 10:26:34 AM org.apache.coyote.AbstractProtocol destroy
INFO: Destroying ProtocolHandler ["http-apr-8081"]
Feb 04, 2016 10:26:34 AM org.apache.coyote.AbstractProtocol stop
INFO: Stopping ProtocolHandler ["ajp-apr-8009"]
Feb 04, 2016 10:26:34 AM org.apache.coyote.AbstractProtocol destroy
INFO: Destroying ProtocolHandler ["ajp-apr-8009"]
Feb 04, 2016 10:32:32 AM org.apache.catalina.startup.HostConfig undeploy
INFO: Undeploying context [/CounterWebApp]
Feb 04, 2016 10:32:32 AM org.apache.catalina.startup.HostConfig deployWAR
INFO: Deploying web application archive D:\SCM_Tools\apache-tomcat-7.0.65\webapps\CounterWebApp.war
Feb 04, 2016 10:32:33 AM org.apache.catalina.startup.TldConfig execute
INFO: At least one JAR was scanned for TLDs yet contained no TLDs. Enable debug logging for this logger for a complete list of JARs that were scanned but no TLDs were found in them. Skipping unneeded JARs during scanning can improve startup time and JSP compilation time.
Feb 04, 2016 10:32:33 AM org.apache.catalina.startup.HostConfig deployWAR
INFO: Deployment of web application archive D:\SCM_Tools\apache-tomcat-7.0.65\webapps\CounterWebApp.war has finished in 1,140 ms
Feb 04, 2016 10:43:21 AM org.apache.catalina.startup.HostConfig undeploy
INFO: Undeploying context [/CounterWebApp]
Feb 04, 2016 10:43:21 AM org.apache.catalina.startup.HostConfig deployWAR
INFO: Deploying web application archive D:\SCM_Tools\apache-tomcat-7.0.65\webapps\CounterWebApp.war
Feb 04, 2016 10:43:22 AM org.apache.catalina.startup.TldConfig execute
INFO: At least one JAR was scanned for TLDs yet contained no TLDs. Enable debug logging for this logger for a complete list of JARs that were scanned but no TLDs were found in them. Skipping unneeded JARs during scanning can improve startup time and JSP compilation time.
Feb 04, 2016 10:43:23 AM org.apache.catalina.startup.HostConfig deployWAR
INFO: Deployment of web application archive D:\SCM_Tools\apache-tomcat-7.0.65\webapps\CounterWebApp.war has finished in 1,750 ms
Feb 04, 2016 10:52:41 AM org.apache.catalina.core.StandardServer await
INFO: A valid shutdown command was received via the shutdown port. Stopping the Server instance.
Feb 04, 2016 10:52:41 AM org.apache.coyote.AbstractProtocol pause
INFO: Pausing ProtocolHandler ["http-apr-8081"]
Feb 04, 2016 10:52:41 AM org.apache.coyote.AbstractProtocol pause
INFO: Pausing ProtocolHandler ["ajp-apr-8009"]
Feb 04, 2016 10:52:41 AM org.apache.catalina.core.StandardService stopInternal
INFO: Stopping service Catalina
Feb 04, 2016 10:52:41 AM org.apache.coyote.AbstractProtocol stop
INFO: Stopping ProtocolHandler ["http-apr-8081"]
Feb 04, 2016 10:52:41 AM org.apache.coyote.AbstractProtocol stop
INFO: Stopping ProtocolHandler ["ajp-apr-8009"]
Feb 04, 2016 10:52:41 AM org.apache.coyote.AbstractProtocol destroy
INFO: Destroying ProtocolHandler ["http-apr-8081"]
Feb 04, 2016 10:52:41 AM org.apache.coyote.AbstractProtocol destroy
INFO: Destroying ProtocolHandler ["ajp-apr-8009"]
Feb 04, 2016 10:52:42 AM org.apache.catalina.startup.Catalina stopServer
SEVERE: Could not contact localhost:8005. Tomcat may not be running.
Feb 04, 2016 10:52:42 AM org.apache.catalina.startup.Catalina stopServer
SEVERE: Catalina.stop: 
java.net.ConnectException: Connection refused: connect
	at java.net.DualStackPlainSocketImpl.connect0(Native Method)
	at java.net.DualStackPlainSocketImpl.socketConnect(Unknown Source)
	at java.net.AbstractPlainSocketImpl.doConnect(Unknown Source)
	at java.net.AbstractPlainSocketImpl.connectToAddress(Unknown Source)
	at java.net.AbstractPlainSocketImpl.connect(Unknown Source)
	at java.net.PlainSocketImpl.connect(Unknown Source)
	at java.net.SocksSocketImpl.connect(Unknown Source)
	at java.net.Socket.connect(Unknown Source)
	at java.net.Socket.connect(Unknown Source)
	at java.net.Socket.<init>(Unknown Source)
	at java.net.Socket.<init>(Unknown Source)
	at org.apache.catalina.startup.Catalina.stopServer(Catalina.java:498)
	at sun.reflect.NativeMethodAccessorImpl.invoke0(Native Method)
	at sun.reflect.NativeMethodAccessorImpl.invoke(Unknown Source)
	at sun.reflect.DelegatingMethodAccessorImpl.invoke(Unknown Source)
	at java.lang.reflect.Method.invoke(Unknown Source)
	at org.apache.catalina.startup.Bootstrap.stopServer(Bootstrap.java:343)
	at org.apache.catalina.startup.Bootstrap.main(Bootstrap.java:430)

