Nov 27, 2015 4:36:27 AM org.apache.catalina.core.AprLifecycleListener lifecycleEvent
INFO: Loaded APR based Apache Tomcat Native library 1.1.33 using APR version 1.5.1.
Nov 27, 2015 4:36:27 AM org.apache.catalina.core.AprLifecycleListener lifecycleEvent
INFO: APR capabilities: IPv6 [true], sendfile [true], accept filters [false], random [true].
Nov 27, 2015 4:36:28 AM org.apache.catalina.core.AprLifecycleListener initializeSSL
INFO: OpenSSL successfully initialized (OpenSSL 1.0.1m 19 Mar 2015)
Nov 27, 2015 4:36:28 AM org.apache.coyote.AbstractProtocol init
INFO: Initializing ProtocolHandler ["http-apr-8081"]
Nov 27, 2015 4:36:28 AM org.apache.coyote.AbstractProtocol init
INFO: Initializing ProtocolHandler ["ajp-apr-8009"]
Nov 27, 2015 4:36:28 AM org.apache.catalina.startup.Catalina load
INFO: Initialization processed in 1700 ms
Nov 27, 2015 4:36:28 AM org.apache.catalina.core.StandardService startInternal
INFO: Starting service Catalina
Nov 27, 2015 4:36:28 AM org.apache.catalina.core.StandardEngine startInternal
INFO: Starting Servlet Engine: Apache Tomcat/7.0.65
Nov 27, 2015 4:36:28 AM org.apache.catalina.startup.HostConfig deployWAR
INFO: Deploying web application archive D:\SCM_Tools\apache-tomcat-7.0.65\webapps\CounterWebApp.war
Nov 27, 2015 4:36:30 AM org.apache.catalina.startup.TldConfig execute
INFO: At least one JAR was scanned for TLDs yet contained no TLDs. Enable debug logging for this logger for a complete list of JARs that were scanned but no TLDs were found in them. Skipping unneeded JARs during scanning can improve startup time and JSP compilation time.
Nov 27, 2015 4:36:31 AM org.apache.catalina.startup.HostConfig deployWAR
INFO: Deployment of web application archive D:\SCM_Tools\apache-tomcat-7.0.65\webapps\CounterWebApp.war has finished in 2,516 ms
Nov 27, 2015 4:36:31 AM org.apache.catalina.startup.HostConfig deployDirectory
INFO: Deploying web application directory D:\SCM_Tools\apache-tomcat-7.0.65\webapps\docs
Nov 27, 2015 4:36:31 AM org.apache.catalina.startup.HostConfig deployDirectory
INFO: Deployment of web application directory D:\SCM_Tools\apache-tomcat-7.0.65\webapps\docs has finished in 31 ms
Nov 27, 2015 4:36:31 AM org.apache.catalina.startup.HostConfig deployDirectory
INFO: Deploying web application directory D:\SCM_Tools\apache-tomcat-7.0.65\webapps\examples
Nov 27, 2015 4:36:31 AM org.apache.catalina.startup.HostConfig deployDirectory
INFO: Deployment of web application directory D:\SCM_Tools\apache-tomcat-7.0.65\webapps\examples has finished in 328 ms
Nov 27, 2015 4:36:31 AM org.apache.catalina.startup.HostConfig deployDirectory
INFO: Deploying web application directory D:\SCM_Tools\apache-tomcat-7.0.65\webapps\host-manager
Nov 27, 2015 4:36:31 AM org.apache.catalina.startup.HostConfig deployDirectory
INFO: Deployment of web application directory D:\SCM_Tools\apache-tomcat-7.0.65\webapps\host-manager has finished in 63 ms
Nov 27, 2015 4:36:31 AM org.apache.catalina.startup.HostConfig deployDirectory
INFO: Deploying web application directory D:\SCM_Tools\apache-tomcat-7.0.65\webapps\manager
Nov 27, 2015 4:36:31 AM org.apache.catalina.startup.HostConfig deployDirectory
INFO: Deployment of web application directory D:\SCM_Tools\apache-tomcat-7.0.65\webapps\manager has finished in 62 ms
Nov 27, 2015 4:36:31 AM org.apache.catalina.startup.HostConfig deployDirectory
INFO: Deploying web application directory D:\SCM_Tools\apache-tomcat-7.0.65\webapps\ROOT
Nov 27, 2015 4:36:31 AM org.apache.catalina.startup.HostConfig deployDirectory
INFO: Deployment of web application directory D:\SCM_Tools\apache-tomcat-7.0.65\webapps\ROOT has finished in 16 ms
Nov 27, 2015 4:36:31 AM org.apache.coyote.AbstractProtocol start
INFO: Starting ProtocolHandler ["http-apr-8081"]
Nov 27, 2015 4:36:31 AM org.apache.coyote.AbstractProtocol start
INFO: Starting ProtocolHandler ["ajp-apr-8009"]
Nov 27, 2015 4:36:31 AM org.apache.catalina.startup.Catalina start
INFO: Server startup in 3169 ms
Nov 27, 2015 4:37:12 AM org.apache.catalina.startup.HostConfig undeploy
INFO: Undeploying context [/CounterWebApp]
Nov 27, 2015 4:37:12 AM org.apache.catalina.startup.HostConfig deployWAR
INFO: Deploying web application archive D:\SCM_Tools\apache-tomcat-7.0.65\webapps\CounterWebApp.war
Nov 27, 2015 4:37:12 AM org.apache.catalina.startup.TldConfig execute
INFO: At least one JAR was scanned for TLDs yet contained no TLDs. Enable debug logging for this logger for a complete list of JARs that were scanned but no TLDs were found in them. Skipping unneeded JARs during scanning can improve startup time and JSP compilation time.
Nov 27, 2015 4:37:13 AM org.apache.catalina.startup.HostConfig deployWAR
INFO: Deployment of web application archive D:\SCM_Tools\apache-tomcat-7.0.65\webapps\CounterWebApp.war has finished in 1,156 ms
Nov 27, 2015 4:43:24 AM org.apache.catalina.startup.HostConfig undeploy
INFO: Undeploying context [/CounterWebApp]
Nov 27, 2015 4:43:24 AM org.apache.catalina.startup.HostConfig deployWAR
INFO: Deploying web application archive D:\SCM_Tools\apache-tomcat-7.0.65\webapps\CounterWebApp.war
Nov 27, 2015 4:43:25 AM org.apache.catalina.startup.TldConfig execute
INFO: At least one JAR was scanned for TLDs yet contained no TLDs. Enable debug logging for this logger for a complete list of JARs that were scanned but no TLDs were found in them. Skipping unneeded JARs during scanning can improve startup time and JSP compilation time.
Nov 27, 2015 4:43:26 AM org.apache.catalina.startup.HostConfig deployWAR
INFO: Deployment of web application archive D:\SCM_Tools\apache-tomcat-7.0.65\webapps\CounterWebApp.war has finished in 1,468 ms
Nov 27, 2015 9:45:21 AM org.apache.catalina.startup.HostConfig undeploy
INFO: Undeploying context [/CounterWebApp]
Nov 27, 2015 9:45:21 AM org.apache.catalina.startup.HostConfig deployWAR
INFO: Deploying web application archive D:\SCM_Tools\apache-tomcat-7.0.65\webapps\CounterWebApp.war
Nov 27, 2015 9:45:21 AM org.apache.catalina.startup.TldConfig execute
INFO: At least one JAR was scanned for TLDs yet contained no TLDs. Enable debug logging for this logger for a complete list of JARs that were scanned but no TLDs were found in them. Skipping unneeded JARs during scanning can improve startup time and JSP compilation time.
Nov 27, 2015 9:45:22 AM org.apache.catalina.startup.HostConfig deployWAR
INFO: Deployment of web application archive D:\SCM_Tools\apache-tomcat-7.0.65\webapps\CounterWebApp.war has finished in 1,015 ms
