Nov 03, 2015 6:15:17 AM org.apache.catalina.core.ApplicationContext log
INFO: Destroying Spring FrameworkServlet 'mvc-dispatcher'
Nov 03, 2015 6:15:17 AM org.apache.catalina.core.ApplicationContext log
INFO: Closing Spring root WebApplicationContext
Nov 03, 2015 6:15:18 AM org.apache.catalina.core.ApplicationContext log
INFO: No Spring WebApplicationInitializer types detected on classpath
Nov 03, 2015 6:15:18 AM org.apache.catalina.core.ApplicationContext log
INFO: Initializing Spring root WebApplicationContext
Nov 03, 2015 6:15:18 AM org.apache.catalina.core.ApplicationContext log
INFO: Initializing Spring FrameworkServlet 'mvc-dispatcher'
Nov 03, 2015 6:50:43 AM org.apache.catalina.core.ApplicationContext log
INFO: Destroying Spring FrameworkServlet 'mvc-dispatcher'
Nov 03, 2015 6:50:43 AM org.apache.catalina.core.ApplicationContext log
INFO: Closing Spring root WebApplicationContext
Nov 03, 2015 6:50:43 AM org.apache.catalina.core.ApplicationContext log
INFO: No Spring WebApplicationInitializer types detected on classpath
Nov 03, 2015 6:50:44 AM org.apache.catalina.core.ApplicationContext log
INFO: Initializing Spring root WebApplicationContext
Nov 03, 2015 6:50:44 AM org.apache.catalina.core.ApplicationContext log
INFO: Initializing Spring FrameworkServlet 'mvc-dispatcher'
Nov 03, 2015 6:55:00 AM org.apache.catalina.core.ApplicationContext log
INFO: Destroying Spring FrameworkServlet 'mvc-dispatcher'
Nov 03, 2015 6:55:00 AM org.apache.catalina.core.ApplicationContext log
INFO: Closing Spring root WebApplicationContext
Nov 03, 2015 6:55:00 AM org.apache.catalina.core.ApplicationContext log
INFO: No Spring WebApplicationInitializer types detected on classpath
Nov 03, 2015 6:55:01 AM org.apache.catalina.core.ApplicationContext log
INFO: Initializing Spring root WebApplicationContext
Nov 03, 2015 6:55:01 AM org.apache.catalina.core.ApplicationContext log
INFO: Initializing Spring FrameworkServlet 'mvc-dispatcher'
Nov 03, 2015 9:09:08 AM org.apache.catalina.core.ApplicationContext log
INFO: Destroying Spring FrameworkServlet 'mvc-dispatcher'
Nov 03, 2015 9:09:08 AM org.apache.catalina.core.ApplicationContext log
INFO: Closing Spring root WebApplicationContext
Nov 03, 2015 9:09:09 AM org.apache.catalina.core.ApplicationContext log
INFO: No Spring WebApplicationInitializer types detected on classpath
Nov 03, 2015 9:09:09 AM org.apache.catalina.core.ApplicationContext log
INFO: Initializing Spring root WebApplicationContext
Nov 03, 2015 9:09:09 AM org.apache.catalina.core.ApplicationContext log
INFO: Initializing Spring FrameworkServlet 'mvc-dispatcher'
Nov 03, 2015 9:12:00 AM org.apache.catalina.core.ApplicationContext log
INFO: Destroying Spring FrameworkServlet 'mvc-dispatcher'
Nov 03, 2015 9:12:00 AM org.apache.catalina.core.ApplicationContext log
INFO: Closing Spring root WebApplicationContext
Nov 03, 2015 9:12:00 AM org.apache.catalina.core.ApplicationContext log
INFO: No Spring WebApplicationInitializer types detected on classpath
Nov 03, 2015 9:12:00 AM org.apache.catalina.core.ApplicationContext log
INFO: Initializing Spring root WebApplicationContext
Nov 03, 2015 9:12:01 AM org.apache.catalina.core.ApplicationContext log
INFO: Initializing Spring FrameworkServlet 'mvc-dispatcher'
Nov 03, 2015 9:12:59 AM org.apache.catalina.core.ApplicationContext log
INFO: Destroying Spring FrameworkServlet 'mvc-dispatcher'
Nov 03, 2015 9:12:59 AM org.apache.catalina.core.ApplicationContext log
INFO: Closing Spring root WebApplicationContext
Nov 03, 2015 9:13:00 AM org.apache.catalina.core.ApplicationContext log
INFO: No Spring WebApplicationInitializer types detected on classpath
Nov 03, 2015 9:13:00 AM org.apache.catalina.core.ApplicationContext log
INFO: Initializing Spring root WebApplicationContext
Nov 03, 2015 9:13:00 AM org.apache.catalina.core.ApplicationContext log
INFO: Initializing Spring FrameworkServlet 'mvc-dispatcher'
