Jan 22, 2016 2:06:08 AM org.apache.catalina.core.ApplicationContext log
INFO: No Spring WebApplicationInitializer types detected on classpath
Jan 22, 2016 2:06:08 AM org.apache.catalina.core.ApplicationContext log
INFO: Initializing Spring root WebApplicationContext
Jan 22, 2016 2:06:08 AM org.apache.catalina.core.ApplicationContext log
INFO: Initializing Spring FrameworkServlet 'mvc-dispatcher'
Jan 22, 2016 2:06:09 AM org.apache.catalina.core.ApplicationContext log
INFO: ContextListener: contextInitialized()
Jan 22, 2016 2:06:09 AM org.apache.catalina.core.ApplicationContext log
INFO: SessionListener: contextInitialized()
Jan 22, 2016 2:06:10 AM org.apache.catalina.core.ApplicationContext log
INFO: ContextListener: attributeAdded('org.apache.jasper.compiler.TldLocationsCache', 'org.apache.jasper.compiler.TldLocationsCache@1caad835')
Jan 22, 2016 8:56:32 AM org.apache.catalina.core.ApplicationContext log
INFO: Destroying Spring FrameworkServlet 'mvc-dispatcher'
Jan 22, 2016 8:56:32 AM org.apache.catalina.core.ApplicationContext log
INFO: Closing Spring root WebApplicationContext
Jan 22, 2016 8:56:33 AM org.apache.catalina.core.ApplicationContext log
INFO: No Spring WebApplicationInitializer types detected on classpath
Jan 22, 2016 8:56:33 AM org.apache.catalina.core.ApplicationContext log
INFO: Initializing Spring root WebApplicationContext
Jan 22, 2016 8:56:33 AM org.apache.catalina.core.ApplicationContext log
INFO: Initializing Spring FrameworkServlet 'mvc-dispatcher'
Jan 22, 2016 9:10:06 AM org.apache.catalina.core.ApplicationContext log
INFO: Destroying Spring FrameworkServlet 'mvc-dispatcher'
Jan 22, 2016 9:10:06 AM org.apache.catalina.core.ApplicationContext log
INFO: Closing Spring root WebApplicationContext
Jan 22, 2016 9:10:07 AM org.apache.catalina.core.ApplicationContext log
INFO: No Spring WebApplicationInitializer types detected on classpath
Jan 22, 2016 9:10:07 AM org.apache.catalina.core.ApplicationContext log
INFO: Initializing Spring root WebApplicationContext
Jan 22, 2016 9:10:07 AM org.apache.catalina.core.ApplicationContext log
INFO: Initializing Spring FrameworkServlet 'mvc-dispatcher'
