May 25, 2016 5:02:54 AM org.apache.catalina.core.ApplicationContext log
INFO: SessionListener: contextDestroyed()
May 25, 2016 5:02:54 AM org.apache.catalina.core.ApplicationContext log
INFO: ContextListener: contextDestroyed()
May 25, 2016 5:02:54 AM org.apache.catalina.core.ApplicationContext log
INFO: Destroying Spring FrameworkServlet 'mvc-dispatcher'
May 25, 2016 5:02:54 AM org.apache.catalina.core.ApplicationContext log
INFO: Closing Spring root WebApplicationContext
May 25, 2016 5:11:51 AM org.apache.catalina.core.ApplicationContext log
INFO: No Spring WebApplicationInitializer types detected on classpath
May 25, 2016 5:11:51 AM org.apache.catalina.core.ApplicationContext log
INFO: Initializing Spring root WebApplicationContext
May 25, 2016 5:11:52 AM org.apache.catalina.core.ApplicationContext log
INFO: Initializing Spring FrameworkServlet 'mvc-dispatcher'
May 25, 2016 5:11:53 AM org.apache.catalina.core.ApplicationContext log
INFO: ContextListener: contextInitialized()
May 25, 2016 5:11:53 AM org.apache.catalina.core.ApplicationContext log
INFO: SessionListener: contextInitialized()
May 25, 2016 5:11:53 AM org.apache.catalina.core.ApplicationContext log
INFO: ContextListener: attributeAdded('org.apache.jasper.compiler.TldLocationsCache', 'org.apache.jasper.compiler.TldLocationsCache@4d89497c')
May 25, 2016 5:22:47 AM org.apache.catalina.core.ApplicationContext log
INFO: Destroying Spring FrameworkServlet 'mvc-dispatcher'
May 25, 2016 5:22:47 AM org.apache.catalina.core.ApplicationContext log
INFO: Closing Spring root WebApplicationContext
May 25, 2016 5:22:47 AM org.apache.catalina.core.ApplicationContext log
INFO: No Spring WebApplicationInitializer types detected on classpath
May 25, 2016 5:22:47 AM org.apache.catalina.core.ApplicationContext log
INFO: Initializing Spring root WebApplicationContext
May 25, 2016 5:22:48 AM org.apache.catalina.core.ApplicationContext log
INFO: Initializing Spring FrameworkServlet 'mvc-dispatcher'
May 25, 2016 5:30:24 AM org.apache.catalina.core.ApplicationContext log
INFO: Destroying Spring FrameworkServlet 'mvc-dispatcher'
May 25, 2016 5:30:24 AM org.apache.catalina.core.ApplicationContext log
INFO: Closing Spring root WebApplicationContext
May 25, 2016 5:30:24 AM org.apache.catalina.core.StandardContext listenerStop
SEVERE: Exception sending context destroyed event to listener instance of class org.springframework.web.context.ContextLoaderListener
java.lang.NoClassDefFoundError: org/springframework/web/context/ContextCleanupListener
	at org.springframework.web.context.ContextLoaderListener.contextDestroyed(ContextLoaderListener.java:116)
	at org.apache.catalina.core.StandardContext.listenerStop(StandardContext.java:5050)
	at org.apache.catalina.core.StandardContext.stopInternal(StandardContext.java:5712)
	at org.apache.catalina.util.LifecycleBase.stop(LifecycleBase.java:232)
	at org.apache.catalina.core.ContainerBase.removeChild(ContainerBase.java:1027)
	at org.apache.catalina.startup.HostConfig.undeploy(HostConfig.java:1568)
	at org.apache.catalina.startup.HostConfig.checkResources(HostConfig.java:1494)
	at org.apache.catalina.startup.HostConfig.check(HostConfig.java:1716)
	at org.apache.catalina.startup.HostConfig.lifecycleEvent(HostConfig.java:333)
	at org.apache.catalina.util.LifecycleSupport.fireLifecycleEvent(LifecycleSupport.java:117)
	at org.apache.catalina.util.LifecycleBase.fireLifecycleEvent(LifecycleBase.java:90)
	at org.apache.catalina.core.ContainerBase.backgroundProcess(ContainerBase.java:1373)
	at org.apache.catalina.core.ContainerBase$ContainerBackgroundProcessor.processChildren(ContainerBase.java:1545)
	at org.apache.catalina.core.ContainerBase$ContainerBackgroundProcessor.processChildren(ContainerBase.java:1555)
	at org.apache.catalina.core.ContainerBase$ContainerBackgroundProcessor.run(ContainerBase.java:1523)
	at java.lang.Thread.run(Unknown Source)
Caused by: java.lang.ClassNotFoundException: org.springframework.web.context.ContextCleanupListener
	at org.apache.catalina.loader.WebappClassLoaderBase.loadClass(WebappClassLoaderBase.java:1854)
	at org.apache.catalina.loader.WebappClassLoaderBase.loadClass(WebappClassLoaderBase.java:1703)
	... 16 more

May 25, 2016 5:30:24 AM org.apache.catalina.core.ApplicationContext log
INFO: No Spring WebApplicationInitializer types detected on classpath
May 25, 2016 5:30:24 AM org.apache.catalina.core.ApplicationContext log
INFO: Initializing Spring root WebApplicationContext
May 25, 2016 5:30:25 AM org.apache.catalina.core.ApplicationContext log
INFO: Initializing Spring FrameworkServlet 'mvc-dispatcher'
May 25, 2016 5:30:46 AM org.apache.catalina.core.ApplicationContext log
INFO: Destroying Spring FrameworkServlet 'mvc-dispatcher'
May 25, 2016 5:30:46 AM org.apache.catalina.core.ApplicationContext log
INFO: Closing Spring root WebApplicationContext
May 25, 2016 5:31:47 AM org.apache.catalina.core.ApplicationContext log
INFO: No Spring WebApplicationInitializer types detected on classpath
May 25, 2016 5:31:47 AM org.apache.catalina.core.ApplicationContext log
INFO: Initializing Spring root WebApplicationContext
May 25, 2016 5:31:47 AM org.apache.catalina.core.ApplicationContext log
INFO: Initializing Spring FrameworkServlet 'mvc-dispatcher'
May 25, 2016 6:56:39 AM org.apache.catalina.core.ApplicationContext log
INFO: Destroying Spring FrameworkServlet 'mvc-dispatcher'
May 25, 2016 6:56:39 AM org.apache.catalina.core.ApplicationContext log
INFO: Closing Spring root WebApplicationContext
May 25, 2016 6:56:40 AM org.apache.catalina.core.ApplicationContext log
INFO: No Spring WebApplicationInitializer types detected on classpath
May 25, 2016 6:56:40 AM org.apache.catalina.core.ApplicationContext log
INFO: Initializing Spring root WebApplicationContext
May 25, 2016 6:56:40 AM org.apache.catalina.core.ApplicationContext log
INFO: Initializing Spring FrameworkServlet 'mvc-dispatcher'
May 25, 2016 6:57:41 AM org.apache.catalina.core.ApplicationContext log
INFO: Destroying Spring FrameworkServlet 'mvc-dispatcher'
May 25, 2016 6:57:41 AM org.apache.catalina.core.ApplicationContext log
INFO: Closing Spring root WebApplicationContext
May 25, 2016 6:57:42 AM org.apache.catalina.core.ApplicationContext log
INFO: No Spring WebApplicationInitializer types detected on classpath
May 25, 2016 6:57:42 AM org.apache.catalina.core.ApplicationContext log
INFO: Initializing Spring root WebApplicationContext
May 25, 2016 6:57:42 AM org.apache.catalina.core.ApplicationContext log
INFO: Initializing Spring FrameworkServlet 'mvc-dispatcher'
May 25, 2016 11:25:36 AM org.apache.catalina.core.ApplicationContext log
INFO: Destroying Spring FrameworkServlet 'mvc-dispatcher'
May 25, 2016 11:25:36 AM org.apache.catalina.core.ApplicationContext log
INFO: Closing Spring root WebApplicationContext
May 25, 2016 11:25:36 AM org.apache.catalina.core.ApplicationContext log
INFO: No Spring WebApplicationInitializer types detected on classpath
May 25, 2016 11:25:36 AM org.apache.catalina.core.ApplicationContext log
INFO: Initializing Spring root WebApplicationContext
May 25, 2016 11:25:37 AM org.apache.catalina.core.ApplicationContext log
INFO: Initializing Spring FrameworkServlet 'mvc-dispatcher'
May 25, 2016 4:12:01 PM org.apache.catalina.core.ApplicationContext log
INFO: Destroying Spring FrameworkServlet 'mvc-dispatcher'
May 25, 2016 4:12:01 PM org.apache.catalina.core.ApplicationContext log
INFO: Closing Spring root WebApplicationContext
May 25, 2016 4:12:01 PM org.apache.catalina.core.StandardContext listenerStop
SEVERE: Exception sending context destroyed event to listener instance of class org.springframework.web.context.ContextLoaderListener
java.lang.NoClassDefFoundError: org/springframework/web/context/ContextCleanupListener
	at org.springframework.web.context.ContextLoaderListener.contextDestroyed(ContextLoaderListener.java:116)
	at org.apache.catalina.core.StandardContext.listenerStop(StandardContext.java:5050)
	at org.apache.catalina.core.StandardContext.stopInternal(StandardContext.java:5712)
	at org.apache.catalina.util.LifecycleBase.stop(LifecycleBase.java:232)
	at org.apache.catalina.core.ContainerBase.removeChild(ContainerBase.java:1027)
	at org.apache.catalina.startup.HostConfig.undeploy(HostConfig.java:1568)
	at org.apache.catalina.startup.HostConfig.checkResources(HostConfig.java:1494)
	at org.apache.catalina.startup.HostConfig.check(HostConfig.java:1716)
	at org.apache.catalina.startup.HostConfig.lifecycleEvent(HostConfig.java:333)
	at org.apache.catalina.util.LifecycleSupport.fireLifecycleEvent(LifecycleSupport.java:117)
	at org.apache.catalina.util.LifecycleBase.fireLifecycleEvent(LifecycleBase.java:90)
	at org.apache.catalina.core.ContainerBase.backgroundProcess(ContainerBase.java:1373)
	at org.apache.catalina.core.ContainerBase$ContainerBackgroundProcessor.processChildren(ContainerBase.java:1545)
	at org.apache.catalina.core.ContainerBase$ContainerBackgroundProcessor.processChildren(ContainerBase.java:1555)
	at org.apache.catalina.core.ContainerBase$ContainerBackgroundProcessor.run(ContainerBase.java:1523)
	at java.lang.Thread.run(Unknown Source)
Caused by: java.lang.ClassNotFoundException: org.springframework.web.context.ContextCleanupListener
	at org.apache.catalina.loader.WebappClassLoaderBase.loadClass(WebappClassLoaderBase.java:1854)
	at org.apache.catalina.loader.WebappClassLoaderBase.loadClass(WebappClassLoaderBase.java:1703)
	... 16 more

May 25, 2016 4:12:42 PM org.apache.catalina.core.ApplicationContext log
INFO: No Spring WebApplicationInitializer types detected on classpath
May 25, 2016 4:12:42 PM org.apache.catalina.core.ApplicationContext log
INFO: Initializing Spring root WebApplicationContext
May 25, 2016 4:12:42 PM org.apache.catalina.core.ApplicationContext log
INFO: Initializing Spring FrameworkServlet 'mvc-dispatcher'
May 25, 2016 4:12:52 PM org.apache.catalina.core.ApplicationContext log
INFO: No Spring WebApplicationInitializer types detected on classpath
May 25, 2016 4:12:52 PM org.apache.catalina.core.ApplicationContext log
INFO: Initializing Spring root WebApplicationContext
May 25, 2016 4:12:53 PM org.apache.catalina.core.ApplicationContext log
INFO: Initializing Spring FrameworkServlet 'mvc-dispatcher'
May 25, 2016 4:12:53 PM org.apache.catalina.core.ApplicationContext log
INFO: ContextListener: contextInitialized()
May 25, 2016 4:12:53 PM org.apache.catalina.core.ApplicationContext log
INFO: SessionListener: contextInitialized()
May 25, 2016 4:12:53 PM org.apache.catalina.core.ApplicationContext log
INFO: ContextListener: attributeAdded('org.apache.jasper.compiler.TldLocationsCache', 'org.apache.jasper.compiler.TldLocationsCache@336ddf30')
May 25, 2016 4:12:54 PM org.apache.catalina.core.ApplicationContext log
INFO: Destroying Spring FrameworkServlet 'mvc-dispatcher'
May 25, 2016 4:12:54 PM org.apache.catalina.core.ApplicationContext log
INFO: Closing Spring root WebApplicationContext
May 25, 2016 4:12:54 PM org.apache.catalina.core.ApplicationContext log
INFO: SessionListener: contextDestroyed()
May 25, 2016 4:12:54 PM org.apache.catalina.core.ApplicationContext log
INFO: ContextListener: contextDestroyed()
May 25, 2016 4:14:04 PM org.apache.catalina.core.ApplicationContext log
INFO: No Spring WebApplicationInitializer types detected on classpath
May 25, 2016 4:14:04 PM org.apache.catalina.core.ApplicationContext log
INFO: Initializing Spring root WebApplicationContext
May 25, 2016 4:14:05 PM org.apache.catalina.core.ApplicationContext log
INFO: Initializing Spring FrameworkServlet 'mvc-dispatcher'
May 25, 2016 4:14:05 PM org.apache.catalina.core.ApplicationContext log
INFO: ContextListener: contextInitialized()
May 25, 2016 4:14:05 PM org.apache.catalina.core.ApplicationContext log
INFO: SessionListener: contextInitialized()
May 25, 2016 4:14:05 PM org.apache.catalina.core.ApplicationContext log
INFO: ContextListener: attributeAdded('org.apache.jasper.compiler.TldLocationsCache', 'org.apache.jasper.compiler.TldLocationsCache@33d5a5a4')
May 25, 2016 4:14:05 PM org.apache.catalina.core.ApplicationContext log
INFO: Destroying Spring FrameworkServlet 'mvc-dispatcher'
May 25, 2016 4:14:05 PM org.apache.catalina.core.ApplicationContext log
INFO: Closing Spring root WebApplicationContext
May 25, 2016 4:14:05 PM org.apache.catalina.core.ApplicationContext log
INFO: SessionListener: contextDestroyed()
May 25, 2016 4:14:05 PM org.apache.catalina.core.ApplicationContext log
INFO: ContextListener: contextDestroyed()
May 25, 2016 4:14:31 PM org.apache.catalina.core.ApplicationContext log
INFO: No Spring WebApplicationInitializer types detected on classpath
May 25, 2016 4:14:32 PM org.apache.catalina.core.ApplicationContext log
INFO: Initializing Spring root WebApplicationContext
May 25, 2016 4:14:32 PM org.apache.catalina.core.ApplicationContext log
INFO: Initializing Spring FrameworkServlet 'mvc-dispatcher'
May 25, 2016 4:14:33 PM org.apache.catalina.core.ApplicationContext log
INFO: ContextListener: contextInitialized()
May 25, 2016 4:14:33 PM org.apache.catalina.core.ApplicationContext log
INFO: SessionListener: contextInitialized()
May 25, 2016 4:14:33 PM org.apache.catalina.core.ApplicationContext log
INFO: ContextListener: attributeAdded('org.apache.jasper.compiler.TldLocationsCache', 'org.apache.jasper.compiler.TldLocationsCache@33d5a5a4')
May 25, 2016 4:14:33 PM org.apache.catalina.core.ApplicationContext log
INFO: Destroying Spring FrameworkServlet 'mvc-dispatcher'
May 25, 2016 4:14:33 PM org.apache.catalina.core.ApplicationContext log
INFO: Closing Spring root WebApplicationContext
May 25, 2016 4:14:33 PM org.apache.catalina.core.ApplicationContext log
INFO: SessionListener: contextDestroyed()
May 25, 2016 4:14:33 PM org.apache.catalina.core.ApplicationContext log
INFO: ContextListener: contextDestroyed()
May 25, 2016 4:15:16 PM org.apache.catalina.core.ApplicationContext log
INFO: No Spring WebApplicationInitializer types detected on classpath
May 25, 2016 4:15:16 PM org.apache.catalina.core.ApplicationContext log
INFO: Initializing Spring root WebApplicationContext
May 25, 2016 4:15:17 PM org.apache.catalina.core.ApplicationContext log
INFO: Initializing Spring FrameworkServlet 'mvc-dispatcher'
May 25, 2016 4:15:17 PM org.apache.catalina.core.ApplicationContext log
INFO: ContextListener: contextInitialized()
May 25, 2016 4:15:17 PM org.apache.catalina.core.ApplicationContext log
INFO: SessionListener: contextInitialized()
May 25, 2016 4:15:17 PM org.apache.catalina.core.ApplicationContext log
INFO: ContextListener: attributeAdded('org.apache.jasper.compiler.TldLocationsCache', 'org.apache.jasper.compiler.TldLocationsCache@306c8091')
May 25, 2016 4:15:18 PM org.apache.catalina.core.ApplicationContext log
INFO: Destroying Spring FrameworkServlet 'mvc-dispatcher'
May 25, 2016 4:15:18 PM org.apache.catalina.core.ApplicationContext log
INFO: Closing Spring root WebApplicationContext
May 25, 2016 4:15:18 PM org.apache.catalina.core.ApplicationContext log
INFO: SessionListener: contextDestroyed()
May 25, 2016 4:15:18 PM org.apache.catalina.core.ApplicationContext log
INFO: ContextListener: contextDestroyed()
May 25, 2016 4:15:30 PM org.apache.catalina.core.ApplicationContext log
INFO: SessionListener: contextDestroyed()
May 25, 2016 4:15:30 PM org.apache.catalina.core.ApplicationContext log
INFO: ContextListener: contextDestroyed()
May 25, 2016 4:15:30 PM org.apache.catalina.core.ApplicationContext log
INFO: Destroying Spring FrameworkServlet 'mvc-dispatcher'
May 25, 2016 4:15:30 PM org.apache.catalina.core.ApplicationContext log
INFO: Closing Spring root WebApplicationContext
May 25, 2016 4:15:45 PM org.apache.catalina.core.ApplicationContext log
INFO: No Spring WebApplicationInitializer types detected on classpath
May 25, 2016 4:15:46 PM org.apache.catalina.core.ApplicationContext log
INFO: Initializing Spring root WebApplicationContext
May 25, 2016 4:15:46 PM org.apache.catalina.core.ApplicationContext log
INFO: Initializing Spring FrameworkServlet 'mvc-dispatcher'
May 25, 2016 4:15:47 PM org.apache.catalina.core.ApplicationContext log
INFO: ContextListener: contextInitialized()
May 25, 2016 4:15:47 PM org.apache.catalina.core.ApplicationContext log
INFO: SessionListener: contextInitialized()
May 25, 2016 4:15:47 PM org.apache.catalina.core.ApplicationContext log
INFO: ContextListener: attributeAdded('org.apache.jasper.compiler.TldLocationsCache', 'org.apache.jasper.compiler.TldLocationsCache@78fc9b9d')
May 25, 2016 4:26:36 PM org.apache.catalina.core.ApplicationContext log
INFO: No Spring WebApplicationInitializer types detected on classpath
May 25, 2016 4:26:36 PM org.apache.catalina.core.ApplicationContext log
INFO: Initializing Spring root WebApplicationContext
May 25, 2016 4:26:37 PM org.apache.catalina.core.ApplicationContext log
INFO: Initializing Spring FrameworkServlet 'mvc-dispatcher'
May 25, 2016 4:26:37 PM org.apache.catalina.core.ApplicationContext log
INFO: ContextListener: contextInitialized()
May 25, 2016 4:26:37 PM org.apache.catalina.core.ApplicationContext log
INFO: SessionListener: contextInitialized()
May 25, 2016 4:26:37 PM org.apache.catalina.core.ApplicationContext log
INFO: ContextListener: attributeAdded('org.apache.jasper.compiler.TldLocationsCache', 'org.apache.jasper.compiler.TldLocationsCache@7722698e')
May 25, 2016 4:36:54 PM org.apache.catalina.core.ApplicationContext log
INFO: No Spring WebApplicationInitializer types detected on classpath
May 25, 2016 4:36:54 PM org.apache.catalina.core.ApplicationContext log
INFO: Initializing Spring root WebApplicationContext
May 25, 2016 4:36:55 PM org.apache.catalina.core.ApplicationContext log
INFO: Initializing Spring FrameworkServlet 'mvc-dispatcher'
May 25, 2016 4:36:55 PM org.apache.catalina.core.ApplicationContext log
INFO: ContextListener: contextInitialized()
May 25, 2016 4:36:55 PM org.apache.catalina.core.ApplicationContext log
INFO: SessionListener: contextInitialized()
May 25, 2016 4:36:55 PM org.apache.catalina.core.ApplicationContext log
INFO: ContextListener: attributeAdded('org.apache.jasper.compiler.TldLocationsCache', 'org.apache.jasper.compiler.TldLocationsCache@548a4728')
May 25, 2016 4:39:40 PM org.apache.catalina.core.ApplicationContext log
INFO: No Spring WebApplicationInitializer types detected on classpath
May 25, 2016 4:39:40 PM org.apache.catalina.core.ApplicationContext log
INFO: Initializing Spring root WebApplicationContext
May 25, 2016 4:39:41 PM org.apache.catalina.core.ApplicationContext log
INFO: Initializing Spring FrameworkServlet 'mvc-dispatcher'
May 25, 2016 4:39:41 PM org.apache.catalina.core.ApplicationContext log
INFO: ContextListener: contextInitialized()
May 25, 2016 4:39:41 PM org.apache.catalina.core.ApplicationContext log
INFO: SessionListener: contextInitialized()
May 25, 2016 4:39:41 PM org.apache.catalina.core.ApplicationContext log
INFO: ContextListener: attributeAdded('org.apache.jasper.compiler.TldLocationsCache', 'org.apache.jasper.compiler.TldLocationsCache@4403b8ad')
May 25, 2016 4:43:03 PM org.apache.catalina.core.ApplicationContext log
INFO: No Spring WebApplicationInitializer types detected on classpath
May 25, 2016 4:43:04 PM org.apache.catalina.core.ApplicationContext log
INFO: Initializing Spring root WebApplicationContext
May 25, 2016 4:43:04 PM org.apache.catalina.core.ApplicationContext log
INFO: Initializing Spring FrameworkServlet 'mvc-dispatcher'
May 25, 2016 4:43:05 PM org.apache.catalina.core.ApplicationContext log
INFO: ContextListener: contextInitialized()
May 25, 2016 4:43:05 PM org.apache.catalina.core.ApplicationContext log
INFO: SessionListener: contextInitialized()
May 25, 2016 4:43:05 PM org.apache.catalina.core.ApplicationContext log
INFO: ContextListener: attributeAdded('org.apache.jasper.compiler.TldLocationsCache', 'org.apache.jasper.compiler.TldLocationsCache@666846df')
May 25, 2016 4:46:56 PM org.apache.catalina.core.ApplicationContext log
INFO: No Spring WebApplicationInitializer types detected on classpath
May 25, 2016 4:46:57 PM org.apache.catalina.core.ApplicationContext log
INFO: Initializing Spring root WebApplicationContext
May 25, 2016 4:46:57 PM org.apache.catalina.core.ApplicationContext log
INFO: Initializing Spring FrameworkServlet 'mvc-dispatcher'
May 25, 2016 4:46:58 PM org.apache.catalina.core.ApplicationContext log
INFO: ContextListener: contextInitialized()
May 25, 2016 4:46:58 PM org.apache.catalina.core.ApplicationContext log
INFO: SessionListener: contextInitialized()
May 25, 2016 4:46:58 PM org.apache.catalina.core.ApplicationContext log
INFO: ContextListener: attributeAdded('org.apache.jasper.compiler.TldLocationsCache', 'org.apache.jasper.compiler.TldLocationsCache@4403b8ad')
May 25, 2016 5:02:13 PM org.apache.catalina.core.ApplicationContext log
INFO: No Spring WebApplicationInitializer types detected on classpath
May 25, 2016 5:02:13 PM org.apache.catalina.core.ApplicationContext log
INFO: Initializing Spring root WebApplicationContext
May 25, 2016 5:02:14 PM org.apache.catalina.core.ApplicationContext log
INFO: Initializing Spring FrameworkServlet 'mvc-dispatcher'
May 25, 2016 5:02:14 PM org.apache.catalina.core.ApplicationContext log
INFO: ContextListener: contextInitialized()
May 25, 2016 5:02:14 PM org.apache.catalina.core.ApplicationContext log
INFO: SessionListener: contextInitialized()
May 25, 2016 5:02:14 PM org.apache.catalina.core.ApplicationContext log
INFO: ContextListener: attributeAdded('org.apache.jasper.compiler.TldLocationsCache', 'org.apache.jasper.compiler.TldLocationsCache@289a9fca')
May 25, 2016 5:16:44 PM org.apache.catalina.core.ApplicationContext log
INFO: No Spring WebApplicationInitializer types detected on classpath
May 25, 2016 5:16:44 PM org.apache.catalina.core.ApplicationContext log
INFO: Initializing Spring root WebApplicationContext
May 25, 2016 5:16:44 PM org.apache.catalina.core.ApplicationContext log
INFO: Initializing Spring FrameworkServlet 'mvc-dispatcher'
May 25, 2016 5:16:45 PM org.apache.catalina.core.ApplicationContext log
INFO: ContextListener: contextInitialized()
May 25, 2016 5:16:45 PM org.apache.catalina.core.ApplicationContext log
INFO: SessionListener: contextInitialized()
May 25, 2016 5:16:45 PM org.apache.catalina.core.ApplicationContext log
INFO: ContextListener: attributeAdded('org.apache.jasper.compiler.TldLocationsCache', 'org.apache.jasper.compiler.TldLocationsCache@49929769')
May 25, 2016 5:20:10 PM org.apache.catalina.core.ApplicationContext log
INFO: No Spring WebApplicationInitializer types detected on classpath
May 25, 2016 5:20:10 PM org.apache.catalina.core.ApplicationContext log
INFO: Initializing Spring root WebApplicationContext
May 25, 2016 5:20:10 PM org.apache.catalina.core.ApplicationContext log
INFO: Initializing Spring FrameworkServlet 'mvc-dispatcher'
May 25, 2016 5:20:11 PM org.apache.catalina.core.ApplicationContext log
INFO: ContextListener: contextInitialized()
May 25, 2016 5:20:11 PM org.apache.catalina.core.ApplicationContext log
INFO: SessionListener: contextInitialized()
May 25, 2016 5:20:11 PM org.apache.catalina.core.ApplicationContext log
INFO: ContextListener: attributeAdded('org.apache.jasper.compiler.TldLocationsCache', 'org.apache.jasper.compiler.TldLocationsCache@112ac774')
