Nov 29, 2015 12:00:17 PM org.apache.catalina.core.ApplicationContext log
INFO: No Spring WebApplicationInitializer types detected on classpath
Nov 29, 2015 12:00:18 PM org.apache.catalina.core.ApplicationContext log
INFO: Initializing Spring root WebApplicationContext
Nov 29, 2015 12:00:18 PM org.apache.catalina.core.ApplicationContext log
INFO: Initializing Spring FrameworkServlet 'mvc-dispatcher'
Nov 29, 2015 12:00:19 PM org.apache.catalina.core.ApplicationContext log
INFO: ContextListener: contextInitialized()
Nov 29, 2015 12:00:19 PM org.apache.catalina.core.ApplicationContext log
INFO: SessionListener: contextInitialized()
Nov 29, 2015 12:00:19 PM org.apache.catalina.core.ApplicationContext log
INFO: ContextListener: attributeAdded('org.apache.jasper.compiler.TldLocationsCache', 'org.apache.jasper.compiler.TldLocationsCache@78fc9b9d')
Nov 29, 2015 12:01:25 PM org.apache.catalina.core.ApplicationContext log
INFO: Destroying Spring FrameworkServlet 'mvc-dispatcher'
Nov 29, 2015 12:01:25 PM org.apache.catalina.core.ApplicationContext log
INFO: Closing Spring root WebApplicationContext
Nov 29, 2015 12:01:26 PM org.apache.catalina.core.ApplicationContext log
INFO: No Spring WebApplicationInitializer types detected on classpath
Nov 29, 2015 12:01:26 PM org.apache.catalina.core.ApplicationContext log
INFO: Initializing Spring root WebApplicationContext
Nov 29, 2015 12:01:27 PM org.apache.catalina.core.ApplicationContext log
INFO: Initializing Spring FrameworkServlet 'mvc-dispatcher'
Nov 29, 2015 12:06:25 PM org.apache.catalina.core.ApplicationContext log
INFO: Destroying Spring FrameworkServlet 'mvc-dispatcher'
Nov 29, 2015 12:06:25 PM org.apache.catalina.core.ApplicationContext log
INFO: Closing Spring root WebApplicationContext
Nov 29, 2015 12:06:26 PM org.apache.catalina.core.ApplicationContext log
INFO: No Spring WebApplicationInitializer types detected on classpath
Nov 29, 2015 12:06:26 PM org.apache.catalina.core.ApplicationContext log
INFO: Initializing Spring root WebApplicationContext
Nov 29, 2015 12:06:26 PM org.apache.catalina.core.ApplicationContext log
INFO: Initializing Spring FrameworkServlet 'mvc-dispatcher'
Nov 29, 2015 12:07:16 PM org.apache.catalina.core.ApplicationContext log
INFO: SessionListener: contextDestroyed()
Nov 29, 2015 12:07:16 PM org.apache.catalina.core.ApplicationContext log
INFO: ContextListener: contextDestroyed()
Nov 29, 2015 12:07:16 PM org.apache.catalina.core.ApplicationContext log
INFO: Destroying Spring FrameworkServlet 'mvc-dispatcher'
Nov 29, 2015 12:07:16 PM org.apache.catalina.core.ApplicationContext log
INFO: Closing Spring root WebApplicationContext
