May 24, 2016 5:31:58 AM org.apache.catalina.core.ApplicationContext log
INFO: Manager: init: Associated with Deployer 'Catalina:type=Deployer,host=localhost'
May 24, 2016 5:31:58 AM org.apache.catalina.core.ApplicationContext log
INFO: Manager: init: Global resources are available
May 24, 2016 5:31:58 AM org.apache.catalina.core.ApplicationContext log
INFO: Manager: deploy: Deploying web application '/CounterWebApp'
May 24, 2016 5:31:58 AM org.apache.catalina.core.ApplicationContext log
INFO: Manager: Uploading WAR file to D:\SCM_Tools\apache-tomcat-7.0.65\webapps\CounterWebApp.war.tmp
May 24, 2016 9:04:36 AM org.apache.catalina.core.ApplicationContext log
INFO: Manager: deploy: Deploying web application '/CounterWebApp'
May 24, 2016 9:04:36 AM org.apache.catalina.core.ApplicationContext log
INFO: Manager: Uploading WAR file to D:\SCM_Tools\apache-tomcat-7.0.65\webapps\CounterWebApp.war.tmp
May 24, 2016 9:28:34 AM org.apache.catalina.core.ApplicationContext log
INFO: Manager: deploy: Deploying web application '/CounterWebApp'
May 24, 2016 9:28:34 AM org.apache.catalina.core.ApplicationContext log
INFO: Manager: Uploading WAR file to D:\SCM_Tools\apache-tomcat-7.0.65\webapps\CounterWebApp.war.tmp
May 24, 2016 9:39:55 AM org.apache.catalina.core.ApplicationContext log
INFO: Manager: deploy: Deploying web application '/CounterWebApp'
May 24, 2016 9:39:55 AM org.apache.catalina.core.ApplicationContext log
INFO: Manager: Uploading WAR file to D:\SCM_Tools\apache-tomcat-7.0.65\webapps\CounterWebApp.war.tmp
May 24, 2016 9:46:03 AM org.apache.catalina.core.ApplicationContext log
INFO: Manager: deploy: Deploying web application '/CounterWebApp'
May 24, 2016 9:46:03 AM org.apache.catalina.core.ApplicationContext log
INFO: Manager: Uploading WAR file to D:\SCM_Tools\apache-tomcat-7.0.65\webapps\CounterWebApp.war.tmp
May 24, 2016 9:49:49 AM org.apache.catalina.core.ApplicationContext log
INFO: Manager: deploy: Deploying web application '/CounterWebApp'
May 24, 2016 9:49:49 AM org.apache.catalina.core.ApplicationContext log
INFO: Manager: Uploading WAR file to D:\SCM_Tools\apache-tomcat-7.0.65\webapps\CounterWebApp.war.tmp
May 24, 2016 9:53:07 AM org.apache.catalina.core.ApplicationContext log
INFO: Manager: deploy: Deploying web application '/CounterWebApp'
May 24, 2016 9:53:07 AM org.apache.catalina.core.ApplicationContext log
INFO: Manager: Uploading WAR file to D:\SCM_Tools\apache-tomcat-7.0.65\webapps\CounterWebApp.war.tmp
