May 25, 2016 5:22:47 AM org.apache.catalina.core.ApplicationContext log
INFO: Manager: init: Associated with Deployer 'Catalina:type=Deployer,host=localhost'
May 25, 2016 5:22:47 AM org.apache.catalina.core.ApplicationContext log
INFO: Manager: init: Global resources are available
May 25, 2016 5:22:47 AM org.apache.catalina.core.ApplicationContext log
INFO: Manager: deploy: Deploying web application '/CounterWebApp'
May 25, 2016 5:22:47 AM org.apache.catalina.core.ApplicationContext log
INFO: Manager: Uploading WAR file to D:\SCM_Tools\apache-tomcat-7.0.65\webapps\CounterWebApp.war.tmp
May 25, 2016 5:30:39 AM org.apache.catalina.core.ApplicationContext log
INFO: HTMLManager: init: Associated with Deployer 'Catalina:type=Deployer,host=localhost'
May 25, 2016 5:30:39 AM org.apache.catalina.core.ApplicationContext log
INFO: HTMLManager: init: Global resources are available
May 25, 2016 5:30:39 AM org.apache.catalina.core.ApplicationContext log
INFO: HTMLManager: list: Listing contexts for virtual host 'localhost'
May 25, 2016 5:30:46 AM org.apache.catalina.core.ApplicationContext log
INFO: HTMLManager: undeploy: Undeploying web application at '/CounterWebApp'
May 25, 2016 5:30:46 AM org.apache.catalina.core.ApplicationContext log
INFO: HTMLManager: list: Listing contexts for virtual host 'localhost'
May 25, 2016 5:31:47 AM org.apache.catalina.core.ApplicationContext log
INFO: HTMLManager: list: Listing contexts for virtual host 'localhost'
May 25, 2016 6:56:39 AM org.apache.catalina.core.ApplicationContext log
INFO: Manager: deploy: Deploying web application '/CounterWebApp'
May 25, 2016 6:56:39 AM org.apache.catalina.core.ApplicationContext log
INFO: Manager: Uploading WAR file to D:\SCM_Tools\apache-tomcat-7.0.65\webapps\CounterWebApp.war.tmp
May 25, 2016 6:57:41 AM org.apache.catalina.core.ApplicationContext log
INFO: Manager: deploy: Deploying web application '/CounterWebApp'
May 25, 2016 6:57:41 AM org.apache.catalina.core.ApplicationContext log
INFO: Manager: Uploading WAR file to D:\SCM_Tools\apache-tomcat-7.0.65\webapps\CounterWebApp.war.tmp
May 25, 2016 11:25:36 AM org.apache.catalina.core.ApplicationContext log
INFO: Manager: deploy: Deploying web application '/CounterWebApp'
May 25, 2016 11:25:36 AM org.apache.catalina.core.ApplicationContext log
INFO: Manager: Uploading WAR file to D:\SCM_Tools\apache-tomcat-7.0.65\webapps\CounterWebApp.war.tmp
