May 26, 2016 5:24:24 AM org.apache.catalina.core.ApplicationContext log
INFO: Manager: init: Associated with Deployer 'Catalina:type=Deployer,host=localhost'
May 26, 2016 5:24:24 AM org.apache.catalina.core.ApplicationContext log
INFO: Manager: init: Global resources are available
May 26, 2016 5:24:24 AM org.apache.catalina.core.ApplicationContext log
INFO: Manager: deploy: Deploying web application '/CounterWebApp'
May 26, 2016 5:24:24 AM org.apache.catalina.core.ApplicationContext log
INFO: Manager: Uploading WAR file to D:\SCM_Tools\apache-tomcat-7.0.65\webapps\CounterWebApp.war.tmp
May 26, 2016 5:37:27 AM org.apache.catalina.core.ApplicationContext log
INFO: Manager: deploy: Deploying web application '/CounterWebApp'
May 26, 2016 5:37:27 AM org.apache.catalina.core.ApplicationContext log
INFO: Manager: Uploading WAR file to D:\SCM_Tools\apache-tomcat-7.0.65\webapps\CounterWebApp.war.tmp
May 26, 2016 5:46:26 AM org.apache.catalina.core.ApplicationContext log
INFO: Manager: deploy: Deploying web application '/CounterWebApp'
May 26, 2016 5:46:26 AM org.apache.catalina.core.ApplicationContext log
INFO: Manager: Uploading WAR file to D:\SCM_Tools\apache-tomcat-7.0.65\webapps\CounterWebApp.war.tmp
May 26, 2016 5:52:25 AM org.apache.catalina.core.ApplicationContext log
INFO: Manager: deploy: Deploying web application '/CounterWebApp'
May 26, 2016 5:52:25 AM org.apache.catalina.core.ApplicationContext log
INFO: Manager: Uploading WAR file to D:\SCM_Tools\apache-tomcat-7.0.65\webapps\CounterWebApp.war.tmp
May 26, 2016 5:58:21 AM org.apache.catalina.core.ApplicationContext log
INFO: Manager: deploy: Deploying web application '/CounterWebApp'
May 26, 2016 5:58:21 AM org.apache.catalina.core.ApplicationContext log
INFO: Manager: Uploading WAR file to D:\SCM_Tools\apache-tomcat-7.0.65\webapps\CounterWebApp.war.tmp
May 26, 2016 6:05:22 AM org.apache.catalina.core.ApplicationContext log
INFO: Manager: deploy: Deploying web application '/CounterWebApp'
May 26, 2016 6:05:22 AM org.apache.catalina.core.ApplicationContext log
INFO: Manager: Uploading WAR file to D:\SCM_Tools\apache-tomcat-7.0.65\webapps\CounterWebApp.war.tmp
May 26, 2016 6:08:22 AM org.apache.catalina.core.ApplicationContext log
INFO: Manager: deploy: Deploying web application '/CounterWebApp'
May 26, 2016 6:08:22 AM org.apache.catalina.core.ApplicationContext log
INFO: Manager: Uploading WAR file to D:\SCM_Tools\apache-tomcat-7.0.65\webapps\CounterWebApp.war.tmp
May 26, 2016 12:57:22 PM org.apache.catalina.core.ApplicationContext log
INFO: Manager: deploy: Deploying web application '/CounterWebApp'
May 26, 2016 12:57:22 PM org.apache.catalina.core.ApplicationContext log
INFO: Manager: Uploading WAR file to D:\SCM_Tools\apache-tomcat-7.0.65\webapps\CounterWebApp.war.tmp
