Oct 31, 2015 4:13:33 AM org.apache.catalina.core.ApplicationContext log
INFO: HTMLManager: init: Associated with Deployer 'Catalina:type=Deployer,host=localhost'
Oct 31, 2015 4:13:33 AM org.apache.catalina.core.ApplicationContext log
INFO: HTMLManager: init: Global resources are available
Oct 31, 2015 4:13:33 AM org.apache.catalina.core.ApplicationContext log
INFO: HTMLManager: list: Listing contexts for virtual host 'localhost'
Oct 31, 2015 4:13:59 AM org.apache.catalina.core.ApplicationContext log
INFO: HTMLManager: list: Listing contexts for virtual host 'localhost'
Oct 31, 2015 4:25:19 AM org.apache.catalina.core.ApplicationContext log
INFO: Manager: init: Associated with Deployer 'Catalina:type=Deployer,host=localhost'
Oct 31, 2015 4:25:19 AM org.apache.catalina.core.ApplicationContext log
INFO: Manager: init: Global resources are available
Oct 31, 2015 4:25:19 AM org.apache.catalina.core.ApplicationContext log
INFO: Manager: deploy: Deploying web application '/CounterWebApp'
Oct 31, 2015 4:25:19 AM org.apache.catalina.core.ApplicationContext log
INFO: Manager: Uploading WAR file to D:\SCM_Tools\apache-tomcat-7.0.65\webapps\CounterWebApp.war.tmp
Oct 31, 2015 4:25:29 AM org.apache.catalina.core.ApplicationContext log
INFO: HTMLManager: list: Listing contexts for virtual host 'localhost'
Oct 31, 2015 4:25:38 AM org.apache.catalina.core.ApplicationContext log
INFO: Manager: deploy: Deploying web application '/CounterWebApp'
Oct 31, 2015 4:25:38 AM org.apache.catalina.core.ApplicationContext log
INFO: Manager: Uploading WAR file to D:\SCM_Tools\apache-tomcat-7.0.65\webapps\CounterWebApp.war.tmp
Oct 31, 2015 4:28:11 AM org.apache.catalina.core.ApplicationContext log
INFO: Manager: deploy: Deploying web application '/CounterWebApp'
Oct 31, 2015 4:28:11 AM org.apache.catalina.core.ApplicationContext log
INFO: Manager: Uploading WAR file to D:\SCM_Tools\apache-tomcat-7.0.65\webapps\CounterWebApp.war.tmp
Oct 31, 2015 4:35:08 AM org.apache.catalina.core.ApplicationContext log
INFO: Manager: init: Associated with Deployer 'Catalina:type=Deployer,host=localhost'
Oct 31, 2015 4:35:08 AM org.apache.catalina.core.ApplicationContext log
INFO: Manager: init: Global resources are available
Oct 31, 2015 4:35:08 AM org.apache.catalina.core.ApplicationContext log
INFO: Manager: deploy: Deploying web application '/CounterWebApp'
Oct 31, 2015 4:35:08 AM org.apache.catalina.core.ApplicationContext log
INFO: Manager: Uploading WAR file to D:\SCM_Tools\apache-tomcat-7.0.65\webapps\CounterWebApp.war.tmp
Oct 31, 2015 4:36:42 AM org.apache.catalina.core.ApplicationContext log
INFO: Manager: deploy: Deploying web application '/CounterWebApp'
Oct 31, 2015 4:36:42 AM org.apache.catalina.core.ApplicationContext log
INFO: Manager: Uploading WAR file to D:\SCM_Tools\apache-tomcat-7.0.65\webapps\CounterWebApp.war.tmp
Oct 31, 2015 4:37:45 AM org.apache.catalina.core.ApplicationContext log
INFO: HTMLManager: init: Associated with Deployer 'Catalina:type=Deployer,host=localhost'
Oct 31, 2015 4:37:45 AM org.apache.catalina.core.ApplicationContext log
INFO: HTMLManager: init: Global resources are available
Oct 31, 2015 4:37:45 AM org.apache.catalina.core.ApplicationContext log
INFO: HTMLManager: list: Listing contexts for virtual host 'localhost'
Oct 31, 2015 4:41:23 AM org.apache.catalina.core.ApplicationContext log
INFO: Manager: deploy: Deploying web application '/CounterWebApp'
Oct 31, 2015 4:41:23 AM org.apache.catalina.core.ApplicationContext log
INFO: Manager: Uploading WAR file to D:\SCM_Tools\apache-tomcat-7.0.65\webapps\CounterWebApp.war.tmp
Oct 31, 2015 4:44:10 AM org.apache.catalina.core.ApplicationContext log
INFO: Manager: deploy: Deploying web application '/CounterWebApp'
Oct 31, 2015 4:44:10 AM org.apache.catalina.core.ApplicationContext log
INFO: Manager: Uploading WAR file to D:\SCM_Tools\apache-tomcat-7.0.65\webapps\CounterWebApp.war.tmp
Oct 31, 2015 4:47:06 AM org.apache.catalina.core.ApplicationContext log
INFO: Manager: deploy: Deploying web application '/CounterWebApp'
Oct 31, 2015 4:47:06 AM org.apache.catalina.core.ApplicationContext log
INFO: Manager: Uploading WAR file to D:\SCM_Tools\apache-tomcat-7.0.65\webapps\CounterWebApp.war.tmp
Oct 31, 2015 4:52:52 AM org.apache.catalina.core.ApplicationContext log
INFO: Manager: deploy: Deploying web application '/CounterWebApp'
Oct 31, 2015 4:52:52 AM org.apache.catalina.core.ApplicationContext log
INFO: Manager: Uploading WAR file to D:\SCM_Tools\apache-tomcat-7.0.65\webapps\CounterWebApp.war.tmp
Oct 31, 2015 10:27:09 AM org.apache.catalina.core.ApplicationContext log
INFO: Manager: init: Associated with Deployer 'Catalina:type=Deployer,host=localhost'
Oct 31, 2015 10:27:09 AM org.apache.catalina.core.ApplicationContext log
INFO: Manager: init: Global resources are available
Oct 31, 2015 10:27:09 AM org.apache.catalina.core.ApplicationContext log
INFO: Manager: deploy: Deploying web application '/CounterWebApp'
Oct 31, 2015 10:27:09 AM org.apache.catalina.core.ApplicationContext log
INFO: Manager: Uploading WAR file to D:\SCM_Tools\apache-tomcat-7.0.65\webapps\CounterWebApp.war.tmp
Oct 31, 2015 10:55:06 AM org.apache.catalina.core.ApplicationContext log
INFO: Manager: deploy: Deploying web application '/CounterWebApp'
Oct 31, 2015 10:55:06 AM org.apache.catalina.core.ApplicationContext log
INFO: Manager: Uploading WAR file to D:\SCM_Tools\apache-tomcat-7.0.65\webapps\CounterWebApp.war.tmp
Oct 31, 2015 11:09:20 AM org.apache.catalina.core.ApplicationContext log
INFO: Manager: deploy: Deploying web application '/CounterWebApp'
Oct 31, 2015 11:09:20 AM org.apache.catalina.core.ApplicationContext log
INFO: Manager: Uploading WAR file to D:\SCM_Tools\apache-tomcat-7.0.65\webapps\CounterWebApp.war.tmp
Oct 31, 2015 11:23:02 AM org.apache.catalina.core.ApplicationContext log
INFO: Manager: deploy: Deploying web application '/CounterWebApp'
Oct 31, 2015 11:23:02 AM org.apache.catalina.core.ApplicationContext log
INFO: Manager: Uploading WAR file to D:\SCM_Tools\apache-tomcat-7.0.65\webapps\CounterWebApp.war.tmp
Oct 31, 2015 11:28:53 AM org.apache.catalina.core.ApplicationContext log
INFO: Manager: deploy: Deploying web application '/CounterWebApp'
Oct 31, 2015 11:28:53 AM org.apache.catalina.core.ApplicationContext log
INFO: Manager: Uploading WAR file to D:\SCM_Tools\apache-tomcat-7.0.65\webapps\CounterWebApp.war.tmp
