Jan 25, 2016 4:34:28 AM org.apache.catalina.core.ApplicationContext log
INFO: Manager: init: Associated with Deployer 'Catalina:type=Deployer,host=localhost'
Jan 25, 2016 4:34:28 AM org.apache.catalina.core.ApplicationContext log
INFO: Manager: init: Global resources are available
Jan 25, 2016 4:34:28 AM org.apache.catalina.core.ApplicationContext log
INFO: Manager: deploy: Deploying web application '/CounterWebApp'
Jan 25, 2016 4:34:28 AM org.apache.catalina.core.ApplicationContext log
INFO: Manager: Uploading WAR file to D:\SCM_Tools\apache-tomcat-7.0.65\webapps\CounterWebApp.war.tmp
Jan 25, 2016 4:47:25 AM org.apache.catalina.core.ApplicationContext log
INFO: Manager: deploy: Deploying web application '/CounterWebApp'
Jan 25, 2016 4:47:25 AM org.apache.catalina.core.ApplicationContext log
INFO: Manager: Uploading WAR file to D:\SCM_Tools\apache-tomcat-7.0.65\webapps\CounterWebApp.war.tmp
Jan 25, 2016 5:28:22 AM org.apache.catalina.core.ApplicationContext log
INFO: Manager: deploy: Deploying web application '/CounterWebApp'
Jan 25, 2016 5:28:22 AM org.apache.catalina.core.ApplicationContext log
INFO: Manager: Uploading WAR file to D:\SCM_Tools\apache-tomcat-7.0.65\webapps\CounterWebApp.war.tmp
Jan 25, 2016 9:07:22 AM org.apache.catalina.core.ApplicationContext log
INFO: Manager: deploy: Deploying web application '/CounterWebApp'
Jan 25, 2016 9:07:22 AM org.apache.catalina.core.ApplicationContext log
INFO: Manager: Uploading WAR file to D:\SCM_Tools\apache-tomcat-7.0.65\webapps\CounterWebApp.war.tmp
Jan 25, 2016 9:14:24 AM org.apache.catalina.core.ApplicationContext log
INFO: Manager: deploy: Deploying web application '/CounterWebApp'
Jan 25, 2016 9:14:24 AM org.apache.catalina.core.ApplicationContext log
INFO: Manager: Uploading WAR file to D:\SCM_Tools\apache-tomcat-7.0.65\webapps\CounterWebApp.war.tmp
