Exception in thread "AWT-EventQueue-0" java.lang.ClassCastException: sun.java2d.HeadlessGraphicsEnvironment cannot be cast to sun.awt.Win32GraphicsEnvironment
	at sun.awt.windows.WToolkit$3.run(Unknown Source)
	at java.awt.event.InvocationEvent.dispatch(Unknown Source)
	at java.awt.EventQueue.dispatchEventImpl(Unknown Source)
	at java.awt.EventQueue.access$500(Unknown Source)
	at java.awt.EventQueue$3.run(Unknown Source)
	at java.awt.EventQueue$3.run(Unknown Source)
	at java.security.AccessController.doPrivileged(Native Method)
	at java.security.ProtectionDomain$JavaSecurityAccessImpl.doIntersectionPrivilege(Unknown Source)
	at java.awt.EventQueue.dispatchEvent(Unknown Source)
	at java.awt.EventDispatchThread.pumpOneEventForFilters(Unknown Source)
	at java.awt.EventDispatchThread.pumpEventsForFilter(Unknown Source)
	at java.awt.EventDispatchThread.pumpEventsForHierarchy(Unknown Source)
	at java.awt.EventDispatchThread.pumpEvents(Unknown Source)
	at java.awt.EventDispatchThread.pumpEvents(Unknown Source)
	at java.awt.EventDispatchThread.run(Unknown Source)
2016.01.23 10:31:45 INFO  web[o.s.s.c.ComputationService] Analysis of project com.mkyong:CounterWebApp (report 3) (done) | time=812ms
Exception in thread "AWT-EventQueue-0" java.lang.ClassCastException: sun.java2d.HeadlessGraphicsEnvironment cannot be cast to sun.awt.Win32GraphicsEnvironment
	at sun.awt.windows.WToolkit$3.run(Unknown Source)
	at java.awt.event.InvocationEvent.dispatch(Unknown Source)
	at java.awt.EventQueue.dispatchEventImpl(Unknown Source)
	at java.awt.EventQueue.access$500(Unknown Source)
	at java.awt.EventQueue$3.run(Unknown Source)
	at java.awt.EventQueue$3.run(Unknown Source)
	at java.security.AccessController.doPrivileged(Native Method)
	at java.security.ProtectionDomain$JavaSecurityAccessImpl.doIntersectionPrivilege(Unknown Source)
	at java.awt.EventQueue.dispatchEvent(Unknown Source)
	at java.awt.EventDispatchThread.pumpOneEventForFilters(Unknown Source)
	at java.awt.EventDispatchThread.pumpEventsForFilter(Unknown Source)
	at java.awt.EventDispatchThread.pumpEventsForHierarchy(Unknown Source)
	at java.awt.EventDispatchThread.pumpEvents(Unknown Source)
	at java.awt.EventDispatchThread.pumpEvents(Unknown Source)
	at java.awt.EventDispatchThread.run(Unknown Source)
2016.01.23 10:38:26 INFO  web[o.s.s.c.ComputationService] Analysis of project com.mkyong:CounterWebApp (report 4) (done) | time=682ms
Exception in thread "AWT-EventQueue-0" java.lang.ClassCastException: sun.java2d.HeadlessGraphicsEnvironment cannot be cast to sun.awt.Win32GraphicsEnvironment
	at sun.awt.windows.WToolkit$3.run(Unknown Source)
	at java.awt.event.InvocationEvent.dispatch(Unknown Source)
	at java.awt.EventQueue.dispatchEventImpl(Unknown Source)
	at java.awt.EventQueue.access$500(Unknown Source)
	at java.awt.EventQueue$3.run(Unknown Source)
	at java.awt.EventQueue$3.run(Unknown Source)
	at java.security.AccessController.doPrivileged(Native Method)
	at java.security.ProtectionDomain$JavaSecurityAccessImpl.doIntersectionPrivilege(Unknown Source)
	at java.awt.EventQueue.dispatchEvent(Unknown Source)
	at java.awt.EventDispatchThread.pumpOneEventForFilters(Unknown Source)
	at java.awt.EventDispatchThread.pumpEventsForFilter(Unknown Source)
	at java.awt.EventDispatchThread.pumpEventsForHierarchy(Unknown Source)
	at java.awt.EventDispatchThread.pumpEvents(Unknown Source)
	at java.awt.EventDispatchThread.pumpEvents(Unknown Source)
	at java.awt.EventDispatchThread.run(Unknown Source)
2016.01.23 10:46:22 INFO  web[o.s.s.c.ComputationService] Analysis of project com.mkyong:CounterWebApp (report 5) (done) | time=1656ms
Exception in thread "AWT-EventQueue-0" java.lang.ClassCastException: sun.java2d.HeadlessGraphicsEnvironment cannot be cast to sun.awt.Win32GraphicsEnvironment
	at sun.awt.windows.WToolkit$3.run(Unknown Source)
	at java.awt.event.InvocationEvent.dispatch(Unknown Source)
	at java.awt.EventQueue.dispatchEventImpl(Unknown Source)
	at java.awt.EventQueue.access$500(Unknown Source)
	at java.awt.EventQueue$3.run(Unknown Source)
	at java.awt.EventQueue$3.run(Unknown Source)
	at java.security.AccessController.doPrivileged(Native Method)
	at java.security.ProtectionDomain$JavaSecurityAccessImpl.doIntersectionPrivilege(Unknown Source)
	at java.awt.EventQueue.dispatchEvent(Unknown Source)
	at java.awt.EventDispatchThread.pumpOneEventForFilters(Unknown Source)
	at java.awt.EventDispatchThread.pumpEventsForFilter(Unknown Source)
	at java.awt.EventDispatchThread.pumpEventsForHierarchy(Unknown Source)
	at java.awt.EventDispatchThread.pumpEvents(Unknown Source)
	at java.awt.EventDispatchThread.pumpEvents(Unknown Source)
	at java.awt.EventDispatchThread.run(Unknown Source)
Exception in thread "AWT-EventQueue-0" java.lang.ClassCastException: sun.java2d.HeadlessGraphicsEnvironment cannot be cast to sun.awt.Win32GraphicsEnvironment
	at sun.awt.windows.WToolkit$3.run(Unknown Source)
	at java.awt.event.InvocationEvent.dispatch(Unknown Source)
	at java.awt.EventQueue.dispatchEventImpl(Unknown Source)
	at java.awt.EventQueue.access$500(Unknown Source)
	at java.awt.EventQueue$3.run(Unknown Source)
	at java.awt.EventQueue$3.run(Unknown Source)
	at java.security.AccessController.doPrivileged(Native Method)
	at java.security.ProtectionDomain$JavaSecurityAccessImpl.doIntersectionPrivilege(Unknown Source)
	at java.awt.EventQueue.dispatchEvent(Unknown Source)
	at java.awt.EventDispatchThread.pumpOneEventForFilters(Unknown Source)
	at java.awt.EventDispatchThread.pumpEventsForFilter(Unknown Source)
	at java.awt.EventDispatchThread.pumpEventsForHierarchy(Unknown Source)
	at java.awt.EventDispatchThread.pumpEvents(Unknown Source)
	at java.awt.EventDispatchThread.pumpEvents(Unknown Source)
	at java.awt.EventDispatchThread.run(Unknown Source)
2016.01.23 10:54:51 INFO  web[o.s.s.c.ComputationService] Analysis of project com.mkyong:CounterWebApp (report 6) (done) | time=266ms
Exception in thread "AWT-EventQueue-0" java.lang.ClassCastException: sun.java2d.HeadlessGraphicsEnvironment cannot be cast to sun.awt.Win32GraphicsEnvironment
	at sun.awt.windows.WToolkit$3.run(Unknown Source)
	at java.awt.event.InvocationEvent.dispatch(Unknown Source)
	at java.awt.EventQueue.dispatchEventImpl(Unknown Source)
	at java.awt.EventQueue.access$500(Unknown Source)
	at java.awt.EventQueue$3.run(Unknown Source)
	at java.awt.EventQueue$3.run(Unknown Source)
	at java.security.AccessController.doPrivileged(Native Method)
	at java.security.ProtectionDomain$JavaSecurityAccessImpl.doIntersectionPrivilege(Unknown Source)
	at java.awt.EventQueue.dispatchEvent(Unknown Source)
	at java.awt.EventDispatchThread.pumpOneEventForFilters(Unknown Source)
	at java.awt.EventDispatchThread.pumpEventsForFilter(Unknown Source)
	at java.awt.EventDispatchThread.pumpEventsForHierarchy(Unknown Source)
	at java.awt.EventDispatchThread.pumpEvents(Unknown Source)
	at java.awt.EventDispatchThread.pumpEvents(Unknown Source)
	at java.awt.EventDispatchThread.run(Unknown Source)
2016.01.23 11:01:24 INFO  web[o.s.s.c.ComputationService] Analysis of project com.mkyong:CounterWebApp (report 7) (done) | time=1500ms
Exception in thread "AWT-EventQueue-0" java.lang.ClassCastException: sun.java2d.HeadlessGraphicsEnvironment cannot be cast to sun.awt.Win32GraphicsEnvironment
	at sun.awt.windows.WToolkit$3.run(Unknown Source)
	at java.awt.event.InvocationEvent.dispatch(Unknown Source)
	at java.awt.EventQueue.dispatchEventImpl(Unknown Source)
	at java.awt.EventQueue.access$500(Unknown Source)
	at java.awt.EventQueue$3.run(Unknown Source)
	at java.awt.EventQueue$3.run(Unknown Source)
	at java.security.AccessController.doPrivileged(Native Method)
	at java.security.ProtectionDomain$JavaSecurityAccessImpl.doIntersectionPrivilege(Unknown Source)
	at java.awt.EventQueue.dispatchEvent(Unknown Source)
	at java.awt.EventDispatchThread.pumpOneEventForFilters(Unknown Source)
	at java.awt.EventDispatchThread.pumpEventsForFilter(Unknown Source)
	at java.awt.EventDispatchThread.pumpEventsForHierarchy(Unknown Source)
	at java.awt.EventDispatchThread.pumpEvents(Unknown Source)
	at java.awt.EventDispatchThread.pumpEvents(Unknown Source)
	at java.awt.EventDispatchThread.run(Unknown Source)
CTRL-C trapped.  Shutting down.
2016.01.23 11:06:43 INFO  app[o.s.p.m.TerminatorThread] Process[web] is stopping
2016.01.23 11:06:44 INFO  web[o.s.p.StopWatcher] Stopping process
2016.01.23 11:06:44 INFO  web[o.a.c.h.Http11NioProtocol] Pausing ProtocolHandler ["http-nio-127.0.0.1-9000"]
2016.01.23 11:06:45 INFO  web[o.s.s.n.NotificationService] Notification service stopped
2016.01.23 11:06:45 WARN  web[o.a.c.l.WebappClassLoaderBase] The web application [ROOT] appears to have started a thread named [Abandoned connection cleanup thread] but has failed to stop it. This is very likely to create a memory leak. Stack trace of thread:
 java.lang.Object.wait(Native Method)
 java.lang.ref.ReferenceQueue.remove(Unknown Source)
 com.mysql.jdbc.AbandonedConnectionCleanupThread.run(AbandonedConnectionCleanupThread.java:43)
2016.01.23 11:06:45 WARN  web[o.a.c.l.WebappClassLoaderBase] The web application [ROOT] appears to have started a thread named [Timer-0] but has failed to stop it. This is very likely to create a memory leak. Stack trace of thread:
2016.01.23 11:06:45 INFO  web[o.a.c.h.Http11NioProtocol] Stopping ProtocolHandler ["http-nio-127.0.0.1-9000"]
2016.01.23 11:06:46 INFO  web[o.a.c.h.Http11NioProtocol] Destroying ProtocolHandler ["http-nio-127.0.0.1-9000"]
2016.01.23 11:06:46 INFO  web[o.s.s.a.TomcatAccessLog] Web server is stopped
Java HotSpot(TM) 64-Bit Server VM warning: ignoring option MaxPermSize=160m; support was removed in 8.0
2016.01.23 11:06:46 INFO  app[o.s.p.m.TerminatorThread] Process[web] is stopped
2016.01.23 11:06:46 INFO  app[o.s.p.m.TerminatorThread] Process[search] is stopping
2016.01.23 11:06:46 INFO   es[o.s.p.StopWatcher]  Stopping process
2016.01.23 11:06:46 INFO   es[o.elasticsearch.node]  [sonar-1453452413202] stopping ...
2016.01.23 11:06:46 INFO   es[o.elasticsearch.node]  [sonar-1453452413202] stopped
2016.01.23 11:06:46 INFO   es[o.elasticsearch.node]  [sonar-1453452413202] closing ...
2016.01.23 11:06:46 INFO   es[o.elasticsearch.node]  [sonar-1453452413202] closed
2016.01.23 11:06:47 INFO  app[o.s.p.m.TerminatorThread] Process[search] is stopped
<-- Wrapper Stopped
--> Wrapper Started as Console
Launching a JVM...
Wrapper (Version 3.2.3) http://wrapper.tanukisoftware.org
  Copyright 1999-2006 Tanuki Software, Inc.  All Rights Reserved.

2016.01.25 04:20:55 INFO  app[o.s.p.m.JavaProcessLauncher] Launch process[search]: C:\Program Files\Java\jre1.8.0_65\bin\java -Djava.awt.headless=true -Xmx1G -Xms256m -Xss256k -Djava.net.preferIPv4Stack=true -XX:+UseParNewGC -XX:+UseConcMarkSweepGC -XX:CMSInitiatingOccupancyFraction=75 -XX:+UseCMSInitiatingOccupancyOnly -XX:+HeapDumpOnOutOfMemoryError -Djava.io.tmpdir=D:\SCM_Tools\sonarqube-5.1.2\temp -cp ./lib/common/*;./lib/search/* org.sonar.search.SearchServer C:\Users\ADMINI~1\AppData\Local\Temp\2\sq-process5925596340651790082properties
2016.01.25 04:20:55 INFO   es[o.s.p.ProcessEntryPoint]  Starting search
2016.01.25 04:20:55 INFO   es[o.s.s.SearchServer]  Starting Elasticsearch[sonarqube] on port 9001
2016.01.25 04:20:56 INFO   es[o.elasticsearch.node]  [sonar-1453695655169] version[1.4.4], pid[4124], build[c88f77f/2015-02-19T13:05:36Z]
2016.01.25 04:20:56 INFO   es[o.elasticsearch.node]  [sonar-1453695655169] initializing ...
2016.01.25 04:20:56 INFO   es[o.e.plugins]  [sonar-1453695655169] loaded [], sites []
2016.01.25 04:20:58 INFO   es[o.elasticsearch.node]  [sonar-1453695655169] initialized
2016.01.25 04:20:58 INFO   es[o.elasticsearch.node]  [sonar-1453695655169] starting ...
2016.01.25 04:20:58 INFO   es[o.e.transport]  [sonar-1453695655169] bound_address {inet[/0.0.0.0:9001]}, publish_address {inet[/172.31.14.187:9001]}
2016.01.25 04:20:58 INFO   es[o.e.discovery]  [sonar-1453695655169] sonarqube/VnPrVyLeTviqk4CB918AcA
2016.01.25 04:21:01 INFO   es[o.e.cluster.service]  [sonar-1453695655169] new_master [sonar-1453695655169][VnPrVyLeTviqk4CB918AcA][agent][inet[/172.31.14.187:9001]]{rack_id=sonar-1453695655169}, reason: zen-disco-join (elected_as_master)
2016.01.25 04:21:01 INFO   es[o.elasticsearch.node]  [sonar-1453695655169] started
2016.01.25 04:21:03 INFO   es[o.e.gateway]  [sonar-1453695655169] recovered [6] indices into cluster_state
2016.01.25 04:21:05 INFO  app[o.s.p.m.Monitor] Process[search] is up
2016.01.25 04:21:05 INFO  app[o.s.p.m.JavaProcessLauncher] Launch process[web]: C:\Program Files\Java\jre1.8.0_65\bin\java -Djava.awt.headless=true -Dfile.encoding=UTF-8 -Djruby.management.enabled=false -Djruby.compile.invokedynamic=false -Xmx768m -XX:MaxPermSize=160m -XX:+HeapDumpOnOutOfMemoryError -Djava.net.preferIPv4Stack=true -Djava.io.tmpdir=D:\SCM_Tools\sonarqube-5.1.2\temp -cp ./lib/common/*;./lib/server/*;D:\SCM_Tools\sonarqube-5.1.2\lib\jdbc\mysql\mysql-connector-java-5.1.34.jar org.sonar.server.app.WebServer C:\Users\ADMINI~1\AppData\Local\Temp\2\sq-process2266908985939583799properties
2016.01.25 04:21:05 INFO  web[o.s.p.ProcessEntryPoint] Starting web
2016.01.25 04:21:05 INFO  web[o.s.s.app.Webapp] Webapp directory: D:\SCM_Tools\sonarqube-5.1.2\web
2016.01.25 04:21:06 INFO  web[o.a.c.h.Http11NioProtocol] Initializing ProtocolHandler ["http-nio-127.0.0.1-9000"]
2016.01.25 04:21:06 INFO  web[o.a.t.u.n.NioSelectorPool] Using a shared selector for servlet write/read
2016.01.25 04:21:07 INFO  web[o.e.plugins] [sonar-1453695655169] loaded [], sites []
2016.01.25 04:21:07 INFO  web[o.s.s.p.ServerImpl] SonarQube Server / 5.1.2 / 2a52a7106b2bfbd659c591c2d6fc09ad0ab2db5c
2016.01.25 04:21:07 INFO  web[o.s.c.p.Database] Create JDBC datasource for jdbc:mysql://localhost:3306/sonar?useUnicode=true&characterEncoding=utf8&rewriteBatchedStatements=true&useConfigs=maxPerformance
2016.01.25 04:21:10 INFO  web[o.s.s.p.DefaultServerFileSystem] SonarQube home: D:\SCM_Tools\sonarqube-5.1.2
2016.01.25 04:21:10 INFO  web[o.s.s.p.ServerPluginJarsInstaller] Install plugins
2016.01.25 04:21:10 INFO  web[o.s.s.p.ServerPluginJarsInstaller] Deploy plugin Core / 5.1.2 / 2a52a7106b2bfbd659c591c2d6fc09ad0ab2db5c
2016.01.25 04:21:10 INFO  web[o.s.s.p.ServerPluginJarsInstaller] Deploy plugin Email notifications / 5.1.2 / 2a52a7106b2bfbd659c591c2d6fc09ad0ab2db5c
2016.01.25 04:21:10 INFO  web[o.s.s.p.ServerPluginJarsInstaller] Deploy plugin Java / 3.0 / 65396a609ddface8b311a6a665aca92a7da694f1
2016.01.25 04:21:10 INFO  web[o.s.s.p.ServerPluginJarsInstaller] Deploy plugin Git / 1.0 / 9ce9d330c313c296fab051317cc5ad4b26319e07
2016.01.25 04:21:10 INFO  web[o.s.s.p.ServerPluginJarsInstaller] Deploy plugin English Pack / 5.1.2 / 2a52a7106b2bfbd659c591c2d6fc09ad0ab2db5c
2016.01.25 04:21:10 INFO  web[o.s.s.p.ServerPluginJarsInstaller] Deploy plugin SVN / 1.0 / 213fc8a8b582ff530b12dd4a59a6512be1071234
2016.01.25 04:21:10 INFO  web[o.s.s.p.RailsAppsDeployer] Deploy Ruby on Rails applications
2016.01.25 04:21:10 INFO  web[o.s.j.s.AbstractDatabaseConnector] Initializing Hibernate
2016.01.25 04:21:12 INFO  web[o.s.s.p.UpdateCenterClient] Update center: http://update.sonarsource.org/update-center.properties (no proxy)
2016.01.25 04:21:12 INFO  web[o.s.s.n.NotificationService] Notification service started (delay 60 sec.)
2016.01.25 04:21:13 INFO  web[o.s.s.s.IndexSynchronizer] Index rules
2016.01.25 04:21:13 INFO  web[o.s.s.s.IndexSynchronizer] Index activeRules
2016.01.25 04:21:13 INFO  web[o.s.s.s.RegisterMetrics] Register metrics
2016.01.25 04:21:13 INFO  web[o.s.s.s.RegisterMetrics] Cleaning quality gate conditions
2016.01.25 04:21:13 INFO  web[o.s.s.s.RegisterDebtModel] Register technical debt model
2016.01.25 04:21:13 INFO  web[o.s.s.r.RegisterRules] Register rules
2016.01.25 04:21:14 INFO  web[o.s.s.q.RegisterQualityProfiles] Register quality profiles
2016.01.25 04:21:14 INFO  web[o.s.s.s.RegisterNewMeasureFilters] Register measure filters
2016.01.25 04:21:14 INFO  web[o.s.s.s.RegisterDashboards] Register dashboards
2016.01.25 04:21:14 INFO  web[o.s.s.s.RegisterPermissionTemplates] Register permission templates
2016.01.25 04:21:14 INFO  web[o.s.s.s.RenameDeprecatedPropertyKeys] Rename deprecated property keys
2016.01.25 04:21:14 INFO  web[o.s.s.s.IndexSynchronizer] Index activities
2016.01.25 04:21:14 INFO  web[o.s.s.s.IndexSynchronizer] Index issues
2016.01.25 04:21:14 INFO  web[o.s.s.s.IndexSynchronizer] Index source lines
2016.01.25 04:21:14 INFO  web[o.s.s.s.IndexSynchronizer] Index users
2016.01.25 04:21:14 INFO  web[o.s.s.s.IndexSynchronizer] Index views
2016.01.25 04:21:14 INFO  web[jruby.rack] jruby 1.7.9 (ruby-1.8.7p370) 2013-12-06 87b108a on Java HotSpot(TM) 64-Bit Server VM 1.8.0_65-b17 [Windows Server 2012 R2-amd64]
2016.01.25 04:21:14 INFO  web[jruby.rack] using a shared (threadsafe!) runtime
2016.01.25 04:21:23 INFO  web[jruby.rack] keeping custom (config.logger) Rails logger instance
2016.01.25 04:21:23 INFO  web[o.a.c.h.Http11NioProtocol] Starting ProtocolHandler ["http-nio-127.0.0.1-9000"]
2016.01.25 04:21:23 INFO  web[o.s.s.a.TomcatAccessLog] Web server is started
2016.01.25 04:21:23 INFO  web[o.s.s.a.EmbeddedTomcat] HTTP connector enabled on port 9000
2016.01.25 04:21:23 INFO  app[o.s.p.m.Monitor] Process[web] is up
2016.01.25 04:34:27 INFO  web[o.s.s.c.ComputationService] Analysis of project com.mkyong:CounterWebApp (report 1) (done) | time=1203ms
2016.01.25 04:47:24 INFO  web[o.s.s.c.ComputationService] Analysis of project com.mkyong:CounterWebApp (report 2) (done) | time=750ms
Exception in thread "AWT-EventQueue-0" java.lang.ClassCastException: sun.java2d.HeadlessGraphicsEnvironment cannot be cast to sun.awt.Win32GraphicsEnvironment
	at sun.awt.windows.WToolkit$3.run(Unknown Source)
	at java.awt.event.InvocationEvent.dispatch(Unknown Source)
	at java.awt.EventQueue.dispatchEventImpl(Unknown Source)
	at java.awt.EventQueue.access$500(Unknown Source)
	at java.awt.EventQueue$3.run(Unknown Source)
	at java.awt.EventQueue$3.run(Unknown Source)
	at java.security.AccessController.doPrivileged(Native Method)
	at java.security.ProtectionDomain$JavaSecurityAccessImpl.doIntersectionPrivilege(Unknown Source)
	at java.awt.EventQueue.dispatchEvent(Unknown Source)
	at java.awt.EventDispatchThread.pumpOneEventForFilters(Unknown Source)
	at java.awt.EventDispatchThread.pumpEventsForFilter(Unknown Source)
	at java.awt.EventDispatchThread.pumpEventsForHierarchy(Unknown Source)
	at java.awt.EventDispatchThread.pumpEvents(Unknown Source)
	at java.awt.EventDispatchThread.pumpEvents(Unknown Source)
	at java.awt.EventDispatchThread.run(Unknown Source)
Exception in thread "AWT-EventQueue-0" java.lang.ClassCastException: sun.java2d.HeadlessGraphicsEnvironment cannot be cast to sun.awt.Win32GraphicsEnvironment
	at sun.awt.windows.WToolkit$3.run(Unknown Source)
	at java.awt.event.InvocationEvent.dispatch(Unknown Source)
	at java.awt.EventQueue.dispatchEventImpl(Unknown Source)
	at java.awt.EventQueue.access$500(Unknown Source)
	at java.awt.EventQueue$3.run(Unknown Source)
	at java.awt.EventQueue$3.run(Unknown Source)
	at java.security.AccessController.doPrivileged(Native Method)
	at java.security.ProtectionDomain$JavaSecurityAccessImpl.doIntersectionPrivilege(Unknown Source)
	at java.awt.EventQueue.dispatchEvent(Unknown Source)
	at java.awt.EventDispatchThread.pumpOneEventForFilters(Unknown Source)
	at java.awt.EventDispatchThread.pumpEventsForFilter(Unknown Source)
	at java.awt.EventDispatchThread.pumpEventsForHierarchy(Unknown Source)
	at java.awt.EventDispatchThread.pumpEvents(Unknown Source)
	at java.awt.EventDispatchThread.pumpEvents(Unknown Source)
	at java.awt.EventDispatchThread.run(Unknown Source)
2016.01.25 05:28:22 INFO  web[o.s.s.c.ComputationService] Analysis of project com.mkyong:CounterWebApp (report 3) (done) | time=2015ms
Exception in thread "AWT-EventQueue-0" java.lang.ClassCastException: sun.java2d.HeadlessGraphicsEnvironment cannot be cast to sun.awt.Win32GraphicsEnvironment
	at sun.awt.windows.WToolkit$3.run(Unknown Source)
	at java.awt.event.InvocationEvent.dispatch(Unknown Source)
	at java.awt.EventQueue.dispatchEventImpl(Unknown Source)
	at java.awt.EventQueue.access$500(Unknown Source)
	at java.awt.EventQueue$3.run(Unknown Source)
	at java.awt.EventQueue$3.run(Unknown Source)
	at java.security.AccessController.doPrivileged(Native Method)
	at java.security.ProtectionDomain$JavaSecurityAccessImpl.doIntersectionPrivilege(Unknown Source)
	at java.awt.EventQueue.dispatchEvent(Unknown Source)
	at java.awt.EventDispatchThread.pumpOneEventForFilters(Unknown Source)
	at java.awt.EventDispatchThread.pumpEventsForFilter(Unknown Source)
	at java.awt.EventDispatchThread.pumpEventsForHierarchy(Unknown Source)
	at java.awt.EventDispatchThread.pumpEvents(Unknown Source)
	at java.awt.EventDispatchThread.pumpEvents(Unknown Source)
	at java.awt.EventDispatchThread.run(Unknown Source)
Exception in thread "AWT-EventQueue-0" java.lang.ClassCastException: sun.java2d.HeadlessGraphicsEnvironment cannot be cast to sun.awt.Win32GraphicsEnvironment
	at sun.awt.windows.WToolkit$3.run(Unknown Source)
	at java.awt.event.InvocationEvent.dispatch(Unknown Source)
	at java.awt.EventQueue.dispatchEventImpl(Unknown Source)
	at java.awt.EventQueue.access$500(Unknown Source)
	at java.awt.EventQueue$3.run(Unknown Source)
	at java.awt.EventQueue$3.run(Unknown Source)
	at java.security.AccessController.doPrivileged(Native Method)
	at java.security.ProtectionDomain$JavaSecurityAccessImpl.doIntersectionPrivilege(Unknown Source)
	at java.awt.EventQueue.dispatchEvent(Unknown Source)
	at java.awt.EventDispatchThread.pumpOneEventForFilters(Unknown Source)
	at java.awt.EventDispatchThread.pumpEventsForFilter(Unknown Source)
	at java.awt.EventDispatchThread.pumpEventsForHierarchy(Unknown Source)
	at java.awt.EventDispatchThread.pumpEvents(Unknown Source)
	at java.awt.EventDispatchThread.pumpEvents(Unknown Source)
	at java.awt.EventDispatchThread.run(Unknown Source)
2016.01.25 09:07:21 INFO  web[o.s.s.c.ComputationService] Analysis of project com.mkyong:CounterWebApp (report 4) (done) | time=734ms
Exception in thread "AWT-EventQueue-0" java.lang.ClassCastException: sun.java2d.HeadlessGraphicsEnvironment cannot be cast to sun.awt.Win32GraphicsEnvironment
	at sun.awt.windows.WToolkit$3.run(Unknown Source)
	at java.awt.event.InvocationEvent.dispatch(Unknown Source)
	at java.awt.EventQueue.dispatchEventImpl(Unknown Source)
	at java.awt.EventQueue.access$500(Unknown Source)
	at java.awt.EventQueue$3.run(Unknown Source)
	at java.awt.EventQueue$3.run(Unknown Source)
	at java.security.AccessController.doPrivileged(Native Method)
	at java.security.ProtectionDomain$JavaSecurityAccessImpl.doIntersectionPrivilege(Unknown Source)
	at java.awt.EventQueue.dispatchEvent(Unknown Source)
	at java.awt.EventDispatchThread.pumpOneEventForFilters(Unknown Source)
	at java.awt.EventDispatchThread.pumpEventsForFilter(Unknown Source)
	at java.awt.EventDispatchThread.pumpEventsForHierarchy(Unknown Source)
	at java.awt.EventDispatchThread.pumpEvents(Unknown Source)
	at java.awt.EventDispatchThread.pumpEvents(Unknown Source)
	at java.awt.EventDispatchThread.run(Unknown Source)
Exception in thread "AWT-EventQueue-0" java.lang.ClassCastException: sun.java2d.HeadlessGraphicsEnvironment cannot be cast to sun.awt.Win32GraphicsEnvironment
	at sun.awt.windows.WToolkit$3.run(Unknown Source)
	at java.awt.event.InvocationEvent.dispatch(Unknown Source)
	at java.awt.EventQueue.dispatchEventImpl(Unknown Source)
	at java.awt.EventQueue.access$500(Unknown Source)
	at java.awt.EventQueue$3.run(Unknown Source)
	at java.awt.EventQueue$3.run(Unknown Source)
	at java.security.AccessController.doPrivileged(Native Method)
	at java.security.ProtectionDomain$JavaSecurityAccessImpl.doIntersectionPrivilege(Unknown Source)
	at java.awt.EventQueue.dispatchEvent(Unknown Source)
	at java.awt.EventDispatchThread.pumpOneEventForFilters(Unknown Source)
	at java.awt.EventDispatchThread.pumpEventsForFilter(Unknown Source)
	at java.awt.EventDispatchThread.pumpEventsForHierarchy(Unknown Source)
	at java.awt.EventDispatchThread.pumpEvents(Unknown Source)
	at java.awt.EventDispatchThread.pumpEvents(Unknown Source)
	at java.awt.EventDispatchThread.run(Unknown Source)
2016.01.25 09:14:24 INFO  web[o.s.s.c.ComputationService] Analysis of project com.mkyong:CounterWebApp (report 5) (done) | time=1500ms
Exception in thread "AWT-EventQueue-0" java.lang.ClassCastException: sun.java2d.HeadlessGraphicsEnvironment cannot be cast to sun.awt.Win32GraphicsEnvironment
	at sun.awt.windows.WToolkit$3.run(Unknown Source)
	at java.awt.event.InvocationEvent.dispatch(Unknown Source)
	at java.awt.EventQueue.dispatchEventImpl(Unknown Source)
	at java.awt.EventQueue.access$500(Unknown Source)
	at java.awt.EventQueue$3.run(Unknown Source)
	at java.awt.EventQueue$3.run(Unknown Source)
	at java.security.AccessController.doPrivileged(Native Method)
	at java.security.ProtectionDomain$JavaSecurityAccessImpl.doIntersectionPrivilege(Unknown Source)
	at java.awt.EventQueue.dispatchEvent(Unknown Source)
	at java.awt.EventDispatchThread.pumpOneEventForFilters(Unknown Source)
	at java.awt.EventDispatchThread.pumpEventsForFilter(Unknown Source)
	at java.awt.EventDispatchThread.pumpEventsForHierarchy(Unknown Source)
	at java.awt.EventDispatchThread.pumpEvents(Unknown Source)
	at java.awt.EventDispatchThread.pumpEvents(Unknown Source)
	at java.awt.EventDispatchThread.run(Unknown Source)
Exception in thread "AWT-EventQueue-0" java.lang.ClassCastException: sun.java2d.HeadlessGraphicsEnvironment cannot be cast to sun.awt.Win32GraphicsEnvironment
	at sun.awt.windows.WToolkit$3.run(Unknown Source)
	at java.awt.event.InvocationEvent.dispatch(Unknown Source)
	at java.awt.EventQueue.dispatchEventImpl(Unknown Source)
	at java.awt.EventQueue.access$500(Unknown Source)
	at java.awt.EventQueue$3.run(Unknown Source)
	at java.awt.EventQueue$3.run(Unknown Source)
	at java.security.AccessController.doPrivileged(Native Method)
	at java.security.ProtectionDomain$JavaSecurityAccessImpl.doIntersectionPrivilege(Unknown Source)
	at java.awt.EventQueue.dispatchEvent(Unknown Source)
	at java.awt.EventDispatchThread.pumpOneEventForFilters(Unknown Source)
	at java.awt.EventDispatchThread.pumpEventsForFilter(Unknown Source)
	at java.awt.EventDispatchThread.pumpEventsForHierarchy(Unknown Source)
	at java.awt.EventDispatchThread.pumpEvents(Unknown Source)
	at java.awt.EventDispatchThread.pumpEvents(Unknown Source)
	at java.awt.EventDispatchThread.run(Unknown Source)
Exception in thread "AWT-EventQueue-0" java.lang.ClassCastException: sun.java2d.HeadlessGraphicsEnvironment cannot be cast to sun.awt.Win32GraphicsEnvironment
	at sun.awt.windows.WToolkit$3.run(Unknown Source)
	at java.awt.event.InvocationEvent.dispatch(Unknown Source)
	at java.awt.EventQueue.dispatchEventImpl(Unknown Source)
	at java.awt.EventQueue.access$500(Unknown Source)
	at java.awt.EventQueue$3.run(Unknown Source)
	at java.awt.EventQueue$3.run(Unknown Source)
	at java.security.AccessController.doPrivileged(Native Method)
	at java.security.ProtectionDomain$JavaSecurityAccessImpl.doIntersectionPrivilege(Unknown Source)
	at java.awt.EventQueue.dispatchEvent(Unknown Source)
	at java.awt.EventDispatchThread.pumpOneEventForFilters(Unknown Source)
	at java.awt.EventDispatchThread.pumpEventsForFilter(Unknown Source)
	at java.awt.EventDispatchThread.pumpEventsForHierarchy(Unknown Source)
	at java.awt.EventDispatchThread.pumpEvents(Unknown Source)
	at java.awt.EventDispatchThread.pumpEvents(Unknown Source)
	at java.awt.EventDispatchThread.run(Unknown Source)
Exception in thread "AWT-EventQueue-0" java.lang.ClassCastException: sun.java2d.HeadlessGraphicsEnvironment cannot be cast to sun.awt.Win32GraphicsEnvironment
	at sun.awt.windows.WToolkit$3.run(Unknown Source)
	at java.awt.event.InvocationEvent.dispatch(Unknown Source)
	at java.awt.EventQueue.dispatchEventImpl(Unknown Source)
	at java.awt.EventQueue.access$500(Unknown Source)
	at java.awt.EventQueue$3.run(Unknown Source)
	at java.awt.EventQueue$3.run(Unknown Source)
	at java.security.AccessController.doPrivileged(Native Method)
	at java.security.ProtectionDomain$JavaSecurityAccessImpl.doIntersectionPrivilege(Unknown Source)
	at java.awt.EventQueue.dispatchEvent(Unknown Source)
	at java.awt.EventDispatchThread.pumpOneEventForFilters(Unknown Source)
	at java.awt.EventDispatchThread.pumpEventsForFilter(Unknown Source)
	at java.awt.EventDispatchThread.pumpEventsForHierarchy(Unknown Source)
	at java.awt.EventDispatchThread.pumpEvents(Unknown Source)
	at java.awt.EventDispatchThread.pumpEvents(Unknown Source)
	at java.awt.EventDispatchThread.run(Unknown Source)
2016.01.25 10:28:31 INFO  web[o.s.s.c.ComputationService] Analysis of project com.mkyong:CounterWebApp (report 6) (done) | time=1203ms
CTRL-C trapped.  Shutting down.
2016.01.25 12:28:34 INFO  app[o.s.p.m.TerminatorThread] Process[web] is stopping
2016.01.25 12:28:34 INFO  web[o.s.p.StopWatcher] Stopping process
2016.01.25 12:28:34 INFO  web[o.a.c.h.Http11NioProtocol] Pausing ProtocolHandler ["http-nio-127.0.0.1-9000"]
2016.01.25 12:28:36 INFO  web[o.s.s.n.NotificationService] Notification service stopped
2016.01.25 12:28:36 WARN  web[o.a.c.l.WebappClassLoaderBase] The web application [ROOT] appears to have started a thread named [Abandoned connection cleanup thread] but has failed to stop it. This is very likely to create a memory leak. Stack trace of thread:
 java.lang.Object.wait(Native Method)
 java.lang.ref.ReferenceQueue.remove(Unknown Source)
 com.mysql.jdbc.AbandonedConnectionCleanupThread.run(AbandonedConnectionCleanupThread.java:43)
2016.01.25 12:28:36 INFO  web[o.a.c.h.Http11NioProtocol] Stopping ProtocolHandler ["http-nio-127.0.0.1-9000"]
2016.01.25 12:28:37 INFO  web[o.a.c.h.Http11NioProtocol] Destroying ProtocolHandler ["http-nio-127.0.0.1-9000"]
2016.01.25 12:28:37 INFO  web[o.s.s.a.TomcatAccessLog] Web server is stopped
Java HotSpot(TM) 64-Bit Server VM warning: ignoring option MaxPermSize=160m; support was removed in 8.0
2016.01.25 12:28:37 INFO   es[o.s.p.StopWatcher]  Stopping process
2016.01.25 12:28:37 INFO   es[o.elasticsearch.node]  [sonar-1453695655169] stopping ...
2016.01.25 12:28:37 INFO   es[o.elasticsearch.node]  [sonar-1453695655169] stopped
2016.01.25 12:28:37 INFO   es[o.elasticsearch.node]  [sonar-1453695655169] closing ...
2016.01.25 12:28:37 INFO  app[o.s.p.m.TerminatorThread] Process[web] is stopped
2016.01.25 12:28:37 INFO  app[o.s.p.m.TerminatorThread] Process[search] is stopping
2016.01.25 12:28:37 INFO   es[o.elasticsearch.node]  [sonar-1453695655169] closed
2016.01.25 12:28:37 INFO  app[o.s.p.m.TerminatorThread] Process[search] is stopped
<-- Wrapper Stopped
--> Wrapper Started as Console
Launching a JVM...
Wrapper (Version 3.2.3) http://wrapper.tanukisoftware.org
  Copyright 1999-2006 Tanuki Software, Inc.  All Rights Reserved.

2016.02.04 10:27:09 INFO  app[o.s.p.m.JavaProcessLauncher] Launch process[search]: C:\Program Files\Java\jre1.8.0_65\bin\java -Djava.awt.headless=true -Xmx1G -Xms256m -Xss256k -Djava.net.preferIPv4Stack=true -XX:+UseParNewGC -XX:+UseConcMarkSweepGC -XX:CMSInitiatingOccupancyFraction=75 -XX:+UseCMSInitiatingOccupancyOnly -XX:+HeapDumpOnOutOfMemoryError -Djava.io.tmpdir=D:\SCM_Tools\sonarqube-5.1.2\temp -cp ./lib/common/*;./lib/search/* org.sonar.search.SearchServer C:\Users\ADMINI~1\AppData\Local\Temp\2\sq-process5251161660832730407properties
2016.02.04 10:27:09 INFO   es[o.s.p.ProcessEntryPoint]  Starting search
2016.02.04 10:27:09 INFO   es[o.s.s.SearchServer]  Starting Elasticsearch[sonarqube] on port 9001
2016.02.04 10:27:10 INFO   es[o.elasticsearch.node]  [sonar-1454581629178] version[1.4.4], pid[4124], build[c88f77f/2015-02-19T13:05:36Z]
2016.02.04 10:27:10 INFO   es[o.elasticsearch.node]  [sonar-1454581629178] initializing ...
2016.02.04 10:27:10 INFO   es[o.e.plugins]  [sonar-1454581629178] loaded [], sites []
2016.02.04 10:27:12 INFO   es[o.elasticsearch.node]  [sonar-1454581629178] initialized
2016.02.04 10:27:12 INFO   es[o.elasticsearch.node]  [sonar-1454581629178] starting ...
2016.02.04 10:27:12 INFO   es[o.e.transport]  [sonar-1454581629178] bound_address {inet[/0.0.0.0:9001]}, publish_address {inet[/172.31.14.187:9001]}
2016.02.04 10:27:12 INFO   es[o.e.discovery]  [sonar-1454581629178] sonarqube/kRT0sKcrSC-Quo_Sd09KJg
2016.02.04 10:27:15 INFO   es[o.e.cluster.service]  [sonar-1454581629178] new_master [sonar-1454581629178][kRT0sKcrSC-Quo_Sd09KJg][agent][inet[/172.31.14.187:9001]]{rack_id=sonar-1454581629178}, reason: zen-disco-join (elected_as_master)
2016.02.04 10:27:15 INFO   es[o.elasticsearch.node]  [sonar-1454581629178] started
2016.02.04 10:27:16 INFO   es[o.e.gateway]  [sonar-1454581629178] recovered [6] indices into cluster_state
2016.02.04 10:27:17 INFO  app[o.s.p.m.Monitor] Process[search] is up
2016.02.04 10:27:17 INFO  app[o.s.p.m.JavaProcessLauncher] Launch process[web]: C:\Program Files\Java\jre1.8.0_65\bin\java -Djava.awt.headless=true -Dfile.encoding=UTF-8 -Djruby.management.enabled=false -Djruby.compile.invokedynamic=false -Xmx768m -XX:MaxPermSize=160m -XX:+HeapDumpOnOutOfMemoryError -Djava.net.preferIPv4Stack=true -Djava.io.tmpdir=D:\SCM_Tools\sonarqube-5.1.2\temp -cp ./lib/common/*;./lib/server/*;D:\SCM_Tools\sonarqube-5.1.2\lib\jdbc\mysql\mysql-connector-java-5.1.34.jar org.sonar.server.app.WebServer C:\Users\ADMINI~1\AppData\Local\Temp\2\sq-process7795958093806240943properties
2016.02.04 10:27:17 INFO  web[o.s.p.ProcessEntryPoint] Starting web
2016.02.04 10:27:17 INFO  web[o.s.s.app.Webapp] Webapp directory: D:\SCM_Tools\sonarqube-5.1.2\web
2016.02.04 10:27:18 INFO  web[o.a.c.h.Http11NioProtocol] Initializing ProtocolHandler ["http-nio-127.0.0.1-9000"]
2016.02.04 10:27:18 INFO  web[o.a.t.u.n.NioSelectorPool] Using a shared selector for servlet write/read
2016.02.04 10:27:19 INFO  web[o.e.plugins] [sonar-1454581629178] loaded [], sites []
2016.02.04 10:27:19 INFO  web[o.s.s.p.ServerImpl] SonarQube Server / 5.1.2 / 2a52a7106b2bfbd659c591c2d6fc09ad0ab2db5c
2016.02.04 10:27:19 INFO  web[o.s.c.p.Database] Create JDBC datasource for jdbc:mysql://localhost:3306/sonar?useUnicode=true&characterEncoding=utf8&rewriteBatchedStatements=true&useConfigs=maxPerformance
2016.02.04 10:27:20 INFO  web[o.s.s.p.DefaultServerFileSystem] SonarQube home: D:\SCM_Tools\sonarqube-5.1.2
2016.02.04 10:27:21 INFO  web[o.s.s.p.ServerPluginJarsInstaller] Install plugins
2016.02.04 10:27:21 INFO  web[o.s.s.p.ServerPluginJarsInstaller] Deploy plugin Core / 5.1.2 / 2a52a7106b2bfbd659c591c2d6fc09ad0ab2db5c
2016.02.04 10:27:21 INFO  web[o.s.s.p.ServerPluginJarsInstaller] Deploy plugin Email notifications / 5.1.2 / 2a52a7106b2bfbd659c591c2d6fc09ad0ab2db5c
2016.02.04 10:27:21 INFO  web[o.s.s.p.ServerPluginJarsInstaller] Deploy plugin Java / 3.0 / 65396a609ddface8b311a6a665aca92a7da694f1
2016.02.04 10:27:21 INFO  web[o.s.s.p.ServerPluginJarsInstaller] Deploy plugin Git / 1.0 / 9ce9d330c313c296fab051317cc5ad4b26319e07
2016.02.04 10:27:21 INFO  web[o.s.s.p.ServerPluginJarsInstaller] Deploy plugin English Pack / 5.1.2 / 2a52a7106b2bfbd659c591c2d6fc09ad0ab2db5c
2016.02.04 10:27:21 INFO  web[o.s.s.p.ServerPluginJarsInstaller] Deploy plugin SVN / 1.0 / 213fc8a8b582ff530b12dd4a59a6512be1071234
2016.02.04 10:27:21 INFO  web[o.s.s.p.RailsAppsDeployer] Deploy Ruby on Rails applications
2016.02.04 10:27:21 INFO  web[o.s.j.s.AbstractDatabaseConnector] Initializing Hibernate
2016.02.04 10:27:22 INFO  web[o.s.s.p.UpdateCenterClient] Update center: http://update.sonarsource.org/update-center.properties (no proxy)
2016.02.04 10:27:23 INFO  web[o.s.s.n.NotificationService] Notification service started (delay 60 sec.)
2016.02.04 10:27:23 INFO  web[o.s.s.s.IndexSynchronizer] Index rules
2016.02.04 10:27:23 INFO  web[o.s.s.s.IndexSynchronizer] Index activeRules
2016.02.04 10:27:23 INFO  web[o.s.s.s.RegisterMetrics] Register metrics
2016.02.04 10:27:23 INFO  web[o.s.s.s.RegisterMetrics] Cleaning quality gate conditions
2016.02.04 10:27:23 INFO  web[o.s.s.s.RegisterDebtModel] Register technical debt model
2016.02.04 10:27:23 INFO  web[o.s.s.r.RegisterRules] Register rules
2016.02.04 10:27:24 INFO  web[o.s.s.q.RegisterQualityProfiles] Register quality profiles
2016.02.04 10:27:24 INFO  web[o.s.s.s.RegisterNewMeasureFilters] Register measure filters
2016.02.04 10:27:24 INFO  web[o.s.s.s.RegisterDashboards] Register dashboards
2016.02.04 10:27:24 INFO  web[o.s.s.s.RegisterPermissionTemplates] Register permission templates
2016.02.04 10:27:24 INFO  web[o.s.s.s.RenameDeprecatedPropertyKeys] Rename deprecated property keys
2016.02.04 10:27:24 INFO  web[o.s.s.s.IndexSynchronizer] Index activities
2016.02.04 10:27:24 INFO  web[o.s.s.s.IndexSynchronizer] Index issues
2016.02.04 10:27:24 INFO  web[o.s.s.s.IndexSynchronizer] Index source lines
2016.02.04 10:27:24 INFO  web[o.s.s.s.IndexSynchronizer] Index users
2016.02.04 10:27:24 INFO  web[o.s.s.s.IndexSynchronizer] Index views
2016.02.04 10:27:25 INFO  web[jruby.rack] jruby 1.7.9 (ruby-1.8.7p370) 2013-12-06 87b108a on Java HotSpot(TM) 64-Bit Server VM 1.8.0_65-b17 [Windows Server 2012 R2-amd64]
2016.02.04 10:27:25 INFO  web[jruby.rack] using a shared (threadsafe!) runtime
2016.02.04 10:27:32 INFO  web[jruby.rack] keeping custom (config.logger) Rails logger instance
2016.02.04 10:27:32 INFO  web[o.a.c.h.Http11NioProtocol] Starting ProtocolHandler ["http-nio-127.0.0.1-9000"]
2016.02.04 10:27:32 INFO  web[o.s.s.a.TomcatAccessLog] Web server is started
2016.02.04 10:27:32 INFO  web[o.s.s.a.EmbeddedTomcat] HTTP connector enabled on port 9000
2016.02.04 10:27:33 INFO  app[o.s.p.m.Monitor] Process[web] is up
2016.02.04 10:32:31 INFO  web[o.s.s.c.ComputationService] Analysis of project com.mkyong:CounterWebApp (report 1) (done) | time=1625ms
2016.02.04 10:43:23 INFO  web[o.s.s.c.ComputationService] Analysis of project com.mkyong:CounterWebApp (report 2) (done) | time=3438ms
CTRL-C trapped.  Shutting down.
2016.02.04 10:52:49 INFO  app[o.s.p.m.TerminatorThread] Process[web] is stopping
2016.02.04 10:52:49 INFO  web[o.s.p.StopWatcher] Stopping process
2016.02.04 10:52:49 INFO  web[o.a.c.h.Http11NioProtocol] Pausing ProtocolHandler ["http-nio-127.0.0.1-9000"]
2016.02.04 10:52:50 INFO  web[o.s.s.n.NotificationService] Notification service stopped
2016.02.04 10:52:50 WARN  web[o.a.c.l.WebappClassLoaderBase] The web application [ROOT] appears to have started a thread named [Abandoned connection cleanup thread] but has failed to stop it. This is very likely to create a memory leak. Stack trace of thread:
 java.lang.Object.wait(Native Method)
 java.lang.ref.ReferenceQueue.remove(Unknown Source)
 com.mysql.jdbc.AbandonedConnectionCleanupThread.run(AbandonedConnectionCleanupThread.java:43)
2016.02.04 10:52:50 INFO  web[o.a.c.h.Http11NioProtocol] Stopping ProtocolHandler ["http-nio-127.0.0.1-9000"]
2016.02.04 10:52:52 INFO  web[o.a.c.h.Http11NioProtocol] Destroying ProtocolHandler ["http-nio-127.0.0.1-9000"]
2016.02.04 10:52:52 INFO  web[o.s.s.a.TomcatAccessLog] Web server is stopped
Java HotSpot(TM) 64-Bit Server VM warning: ignoring option MaxPermSize=160m; support was removed in 8.0
2016.02.04 10:52:52 INFO  app[o.s.p.m.TerminatorThread] Process[web] is stopped
2016.02.04 10:52:52 INFO  app[o.s.p.m.TerminatorThread] Process[search] is stopping
2016.02.04 10:52:52 INFO   es[o.s.p.StopWatcher]  Stopping process
2016.02.04 10:52:52 INFO   es[o.elasticsearch.node]  [sonar-1454581629178] stopping ...
2016.02.04 10:52:52 INFO   es[o.elasticsearch.node]  [sonar-1454581629178] stopped
2016.02.04 10:52:52 INFO   es[o.elasticsearch.node]  [sonar-1454581629178] closing ...
2016.02.04 10:52:52 INFO   es[o.elasticsearch.node]  [sonar-1454581629178] closed
2016.02.04 10:52:52 INFO  app[o.s.p.m.TerminatorThread] Process[search] is stopped
<-- Wrapper Stopped
--> Wrapper Started as Console
Launching a JVM...
Wrapper (Version 3.2.3) http://wrapper.tanukisoftware.org
  Copyright 1999-2006 Tanuki Software, Inc.  All Rights Reserved.

2016.02.11 04:50:24 INFO  app[o.s.p.m.JavaProcessLauncher] Launch process[search]: C:\Program Files\Java\jre1.8.0_65\bin\java -Djava.awt.headless=true -Xmx1G -Xms256m -Xss256k -Djava.net.preferIPv4Stack=true -XX:+UseParNewGC -XX:+UseConcMarkSweepGC -XX:CMSInitiatingOccupancyFraction=75 -XX:+UseCMSInitiatingOccupancyOnly -XX:+HeapDumpOnOutOfMemoryError -Djava.io.tmpdir=D:\SCM_Tools\sonarqube-5.1.2\temp -cp ./lib/common/*;./lib/search/* org.sonar.search.SearchServer C:\Users\ADMINI~1\AppData\Local\Temp\2\sq-process137151221926498512properties
2016.02.11 04:50:24 INFO   es[o.s.p.ProcessEntryPoint]  Starting search
2016.02.11 04:50:24 INFO   es[o.s.s.SearchServer]  Starting Elasticsearch[sonarqube] on port 9001
2016.02.11 04:50:24 INFO   es[o.elasticsearch.node]  [sonar-1455166223807] version[1.4.4], pid[5016], build[c88f77f/2015-02-19T13:05:36Z]
2016.02.11 04:50:24 INFO   es[o.elasticsearch.node]  [sonar-1455166223807] initializing ...
2016.02.11 04:50:24 INFO   es[o.e.plugins]  [sonar-1455166223807] loaded [], sites []
2016.02.11 04:50:26 INFO   es[o.elasticsearch.node]  [sonar-1455166223807] initialized
2016.02.11 04:50:26 INFO   es[o.elasticsearch.node]  [sonar-1455166223807] starting ...
2016.02.11 04:50:27 INFO   es[o.e.transport]  [sonar-1455166223807] bound_address {inet[/0.0.0.0:9001]}, publish_address {inet[/172.31.14.187:9001]}
2016.02.11 04:50:27 INFO   es[o.e.discovery]  [sonar-1455166223807] sonarqube/Wv6F6OL0TRqSvpI6iW9e3A
2016.02.11 04:50:30 INFO   es[o.e.cluster.service]  [sonar-1455166223807] new_master [sonar-1455166223807][Wv6F6OL0TRqSvpI6iW9e3A][agent][inet[/172.31.14.187:9001]]{rack_id=sonar-1455166223807}, reason: zen-disco-join (elected_as_master)
2016.02.11 04:50:30 INFO   es[o.elasticsearch.node]  [sonar-1455166223807] started
2016.02.11 04:50:31 INFO   es[o.e.gateway]  [sonar-1455166223807] recovered [6] indices into cluster_state
2016.02.11 04:50:32 INFO  app[o.s.p.m.Monitor] Process[search] is up
2016.02.11 04:50:32 INFO  app[o.s.p.m.JavaProcessLauncher] Launch process[web]: C:\Program Files\Java\jre1.8.0_65\bin\java -Djava.awt.headless=true -Dfile.encoding=UTF-8 -Djruby.management.enabled=false -Djruby.compile.invokedynamic=false -Xmx768m -XX:MaxPermSize=160m -XX:+HeapDumpOnOutOfMemoryError -Djava.net.preferIPv4Stack=true -Djava.io.tmpdir=D:\SCM_Tools\sonarqube-5.1.2\temp -cp ./lib/common/*;./lib/server/*;D:\SCM_Tools\sonarqube-5.1.2\lib\jdbc\mysql\mysql-connector-java-5.1.34.jar org.sonar.server.app.WebServer C:\Users\ADMINI~1\AppData\Local\Temp\2\sq-process3661233293208130918properties
2016.02.11 04:50:33 INFO  web[o.s.p.ProcessEntryPoint] Starting web
2016.02.11 04:50:33 INFO  web[o.s.s.app.Webapp] Webapp directory: D:\SCM_Tools\sonarqube-5.1.2\web
2016.02.11 04:50:33 INFO  web[o.a.c.h.Http11NioProtocol] Initializing ProtocolHandler ["http-nio-127.0.0.1-9000"]
2016.02.11 04:50:33 INFO  web[o.a.t.u.n.NioSelectorPool] Using a shared selector for servlet write/read
2016.02.11 04:50:34 INFO  web[o.e.plugins] [sonar-1455166223807] loaded [], sites []
2016.02.11 04:50:35 INFO  web[o.s.s.p.ServerImpl] SonarQube Server / 5.1.2 / 2a52a7106b2bfbd659c591c2d6fc09ad0ab2db5c
2016.02.11 04:50:35 INFO  web[o.s.c.p.Database] Create JDBC datasource for jdbc:mysql://localhost:3306/sonar?useUnicode=true&characterEncoding=utf8&rewriteBatchedStatements=true&useConfigs=maxPerformance
2016.02.11 04:50:36 INFO  web[o.s.s.p.DefaultServerFileSystem] SonarQube home: D:\SCM_Tools\sonarqube-5.1.2
2016.02.11 04:50:36 INFO  web[o.s.s.p.ServerPluginJarsInstaller] Install plugins
2016.02.11 04:50:36 INFO  web[o.s.s.p.ServerPluginJarsInstaller] Deploy plugin Core / 5.1.2 / 2a52a7106b2bfbd659c591c2d6fc09ad0ab2db5c
2016.02.11 04:50:36 INFO  web[o.s.s.p.ServerPluginJarsInstaller] Deploy plugin Email notifications / 5.1.2 / 2a52a7106b2bfbd659c591c2d6fc09ad0ab2db5c
2016.02.11 04:50:36 INFO  web[o.s.s.p.ServerPluginJarsInstaller] Deploy plugin Java / 3.0 / 65396a609ddface8b311a6a665aca92a7da694f1
2016.02.11 04:50:36 INFO  web[o.s.s.p.ServerPluginJarsInstaller] Deploy plugin Git / 1.0 / 9ce9d330c313c296fab051317cc5ad4b26319e07
2016.02.11 04:50:36 INFO  web[o.s.s.p.ServerPluginJarsInstaller] Deploy plugin English Pack / 5.1.2 / 2a52a7106b2bfbd659c591c2d6fc09ad0ab2db5c
2016.02.11 04:50:36 INFO  web[o.s.s.p.ServerPluginJarsInstaller] Deploy plugin SVN / 1.0 / 213fc8a8b582ff530b12dd4a59a6512be1071234
2016.02.11 04:50:36 INFO  web[o.s.s.p.RailsAppsDeployer] Deploy Ruby on Rails applications
2016.02.11 04:50:36 INFO  web[o.s.j.s.AbstractDatabaseConnector] Initializing Hibernate
2016.02.11 04:50:38 INFO  web[o.s.s.p.UpdateCenterClient] Update center: http://update.sonarsource.org/update-center.properties (no proxy)
2016.02.11 04:50:38 INFO  web[o.s.s.n.NotificationService] Notification service started (delay 60 sec.)
2016.02.11 04:50:38 INFO  web[o.s.s.s.IndexSynchronizer] Index rules
2016.02.11 04:50:38 INFO  web[o.s.s.s.IndexSynchronizer] Index activeRules
2016.02.11 04:50:38 INFO  web[o.s.s.s.RegisterMetrics] Register metrics
2016.02.11 04:50:39 INFO  web[o.s.s.s.RegisterMetrics] Cleaning quality gate conditions
2016.02.11 04:50:39 INFO  web[o.s.s.s.RegisterDebtModel] Register technical debt model
2016.02.11 04:50:39 INFO  web[o.s.s.r.RegisterRules] Register rules
2016.02.11 04:50:39 INFO  web[o.s.s.q.RegisterQualityProfiles] Register quality profiles
2016.02.11 04:50:40 INFO  web[o.s.s.s.RegisterNewMeasureFilters] Register measure filters
2016.02.11 04:50:40 INFO  web[o.s.s.s.RegisterDashboards] Register dashboards
2016.02.11 04:50:40 INFO  web[o.s.s.s.RegisterPermissionTemplates] Register permission templates
2016.02.11 04:50:40 INFO  web[o.s.s.s.RenameDeprecatedPropertyKeys] Rename deprecated property keys
2016.02.11 04:50:40 INFO  web[o.s.s.s.IndexSynchronizer] Index activities
2016.02.11 04:50:40 INFO  web[o.s.s.s.IndexSynchronizer] Index issues
2016.02.11 04:50:40 INFO  web[o.s.s.s.IndexSynchronizer] Index source lines
2016.02.11 04:50:40 INFO  web[o.s.s.s.IndexSynchronizer] Index users
2016.02.11 04:50:40 INFO  web[o.s.s.s.IndexSynchronizer] Index views
2016.02.11 04:50:40 INFO  web[jruby.rack] jruby 1.7.9 (ruby-1.8.7p370) 2013-12-06 87b108a on Java HotSpot(TM) 64-Bit Server VM 1.8.0_65-b17 [Windows Server 2012 R2-amd64]
2016.02.11 04:50:40 INFO  web[jruby.rack] using a shared (threadsafe!) runtime
2016.02.11 04:50:48 INFO  web[jruby.rack] keeping custom (config.logger) Rails logger instance
2016.02.11 04:50:48 INFO  web[o.a.c.h.Http11NioProtocol] Starting ProtocolHandler ["http-nio-127.0.0.1-9000"]
2016.02.11 04:50:48 INFO  web[o.s.s.a.TomcatAccessLog] Web server is started
2016.02.11 04:50:48 INFO  web[o.s.s.a.EmbeddedTomcat] HTTP connector enabled on port 9000
2016.02.11 04:50:49 INFO  app[o.s.p.m.Monitor] Process[web] is up
Exception in thread "AWT-EventQueue-0" java.lang.ClassCastException: sun.java2d.HeadlessGraphicsEnvironment cannot be cast to sun.awt.Win32GraphicsEnvironment
	at sun.awt.windows.WToolkit$3.run(Unknown Source)
	at java.awt.event.InvocationEvent.dispatch(Unknown Source)
	at java.awt.EventQueue.dispatchEventImpl(Unknown Source)
	at java.awt.EventQueue.access$500(Unknown Source)
	at java.awt.EventQueue$3.run(Unknown Source)
	at java.awt.EventQueue$3.run(Unknown Source)
	at java.security.AccessController.doPrivileged(Native Method)
	at java.security.ProtectionDomain$JavaSecurityAccessImpl.doIntersectionPrivilege(Unknown Source)
	at java.awt.EventQueue.dispatchEvent(Unknown Source)
	at java.awt.EventDispatchThread.pumpOneEventForFilters(Unknown Source)
	at java.awt.EventDispatchThread.pumpEventsForFilter(Unknown Source)
	at java.awt.EventDispatchThread.pumpEventsForHierarchy(Unknown Source)
	at java.awt.EventDispatchThread.pumpEvents(Unknown Source)
	at java.awt.EventDispatchThread.pumpEvents(Unknown Source)
	at java.awt.EventDispatchThread.run(Unknown Source)
2016.02.11 05:28:30 INFO  web[o.s.s.c.ComputationService] Analysis of project com.mkyong:CounterWebApp (report 1) (done) | time=1843ms
Exception in thread "AWT-EventQueue-0" java.lang.ClassCastException: sun.java2d.HeadlessGraphicsEnvironment cannot be cast to sun.awt.Win32GraphicsEnvironment
	at sun.awt.windows.WToolkit$3.run(Unknown Source)
	at java.awt.event.InvocationEvent.dispatch(Unknown Source)
	at java.awt.EventQueue.dispatchEventImpl(Unknown Source)
	at java.awt.EventQueue.access$500(Unknown Source)
	at java.awt.EventQueue$3.run(Unknown Source)
	at java.awt.EventQueue$3.run(Unknown Source)
	at java.security.AccessController.doPrivileged(Native Method)
	at java.security.ProtectionDomain$JavaSecurityAccessImpl.doIntersectionPrivilege(Unknown Source)
	at java.awt.EventQueue.dispatchEvent(Unknown Source)
	at java.awt.EventDispatchThread.pumpOneEventForFilters(Unknown Source)
	at java.awt.EventDispatchThread.pumpEventsForFilter(Unknown Source)
	at java.awt.EventDispatchThread.pumpEventsForHierarchy(Unknown Source)
	at java.awt.EventDispatchThread.pumpEvents(Unknown Source)
	at java.awt.EventDispatchThread.pumpEvents(Unknown Source)
	at java.awt.EventDispatchThread.run(Unknown Source)
CTRL-C trapped.  Shutting down.
2016.02.11 05:48:40 INFO  app[o.s.p.m.TerminatorThread] Process[web] is stopping
2016.02.11 05:48:40 INFO  web[o.s.p.StopWatcher] Stopping process
2016.02.11 05:48:40 INFO  web[o.a.c.h.Http11NioProtocol] Pausing ProtocolHandler ["http-nio-127.0.0.1-9000"]
2016.02.11 05:48:41 INFO  web[o.s.s.n.NotificationService] Notification service stopped
2016.02.11 05:48:41 WARN  web[o.a.c.l.WebappClassLoaderBase] The web application [ROOT] appears to have started a thread named [Abandoned connection cleanup thread] but has failed to stop it. This is very likely to create a memory leak. Stack trace of thread:
 java.lang.Object.wait(Native Method)
 java.lang.ref.ReferenceQueue.remove(Unknown Source)
 com.mysql.jdbc.AbandonedConnectionCleanupThread.run(AbandonedConnectionCleanupThread.java:43)
2016.02.11 05:48:41 INFO  web[o.a.c.h.Http11NioProtocol] Stopping ProtocolHandler ["http-nio-127.0.0.1-9000"]
2016.02.11 05:48:42 INFO  web[o.a.c.h.Http11NioProtocol] Destroying ProtocolHandler ["http-nio-127.0.0.1-9000"]
2016.02.11 05:48:42 INFO  web[o.s.s.a.TomcatAccessLog] Web server is stopped
Java HotSpot(TM) 64-Bit Server VM warning: ignoring option MaxPermSize=160m; support was removed in 8.0
2016.02.11 05:48:43 INFO  app[o.s.p.m.TerminatorThread] Process[web] is stopped
2016.02.11 05:48:43 INFO  app[o.s.p.m.TerminatorThread] Process[search] is stopping
2016.02.11 05:48:43 INFO   es[o.s.p.StopWatcher]  Stopping process
2016.02.11 05:48:43 INFO   es[o.elasticsearch.node]  [sonar-1455166223807] stopping ...
2016.02.11 05:48:43 INFO   es[o.elasticsearch.node]  [sonar-1455166223807] stopped
2016.02.11 05:48:43 INFO   es[o.elasticsearch.node]  [sonar-1455166223807] closing ...
2016.02.11 05:48:43 INFO   es[o.elasticsearch.node]  [sonar-1455166223807] closed
2016.02.11 05:48:43 INFO  app[o.s.p.m.TerminatorThread] Process[search] is stopped
<-- Wrapper Stopped
--> Wrapper Started as Console
Launching a JVM...
Wrapper (Version 3.2.3) http://wrapper.tanukisoftware.org
  Copyright 1999-2006 Tanuki Software, Inc.  All Rights Reserved.

2016.05.24 05:20:21 INFO  app[o.s.p.m.JavaProcessLauncher] Launch process[search]: C:\Program Files\Java\jre1.8.0_65\bin\java -Djava.awt.headless=true -Xmx1G -Xms256m -Xss256k -Djava.net.preferIPv4Stack=true -XX:+UseParNewGC -XX:+UseConcMarkSweepGC -XX:CMSInitiatingOccupancyFraction=75 -XX:+UseCMSInitiatingOccupancyOnly -XX:+HeapDumpOnOutOfMemoryError -Djava.io.tmpdir=D:\SCM_Tools\sonarqube-5.1.2\temp -cp ./lib/common/*;./lib/search/* org.sonar.search.SearchServer C:\Users\ADMINI~1\AppData\Local\Temp\2\sq-process6688068593706364140properties
2016.05.24 05:20:21 INFO   es[o.s.p.ProcessEntryPoint]  Starting search
2016.05.24 05:20:21 INFO   es[o.s.s.SearchServer]  Starting Elasticsearch[sonarqube] on port 9001
2016.05.24 05:20:21 INFO   es[o.elasticsearch.node]  [sonar-1464067220865] version[1.4.4], pid[5812], build[c88f77f/2015-02-19T13:05:36Z]
2016.05.24 05:20:21 INFO   es[o.elasticsearch.node]  [sonar-1464067220865] initializing ...
2016.05.24 05:20:21 INFO   es[o.e.plugins]  [sonar-1464067220865] loaded [], sites []
2016.05.24 05:20:23 INFO   es[o.elasticsearch.node]  [sonar-1464067220865] initialized
2016.05.24 05:20:23 INFO   es[o.elasticsearch.node]  [sonar-1464067220865] starting ...
2016.05.24 05:20:24 INFO   es[o.e.transport]  [sonar-1464067220865] bound_address {inet[/0.0.0.0:9001]}, publish_address {inet[/172.31.14.187:9001]}
2016.05.24 05:20:24 INFO   es[o.e.discovery]  [sonar-1464067220865] sonarqube/hTV7Ax0-Q_SYGhUT348bYw
2016.05.24 05:20:27 INFO   es[o.e.cluster.service]  [sonar-1464067220865] new_master [sonar-1464067220865][hTV7Ax0-Q_SYGhUT348bYw][agent][inet[/172.31.14.187:9001]]{rack_id=sonar-1464067220865}, reason: zen-disco-join (elected_as_master)
2016.05.24 05:20:27 INFO   es[o.elasticsearch.node]  [sonar-1464067220865] started
2016.05.24 05:20:28 INFO   es[o.e.gateway]  [sonar-1464067220865] recovered [6] indices into cluster_state
2016.05.24 05:20:29 INFO  app[o.s.p.m.Monitor] Process[search] is up
2016.05.24 05:20:29 INFO  app[o.s.p.m.JavaProcessLauncher] Launch process[web]: C:\Program Files\Java\jre1.8.0_65\bin\java -Djava.awt.headless=true -Dfile.encoding=UTF-8 -Djruby.management.enabled=false -Djruby.compile.invokedynamic=false -Xmx768m -XX:MaxPermSize=160m -XX:+HeapDumpOnOutOfMemoryError -Djava.net.preferIPv4Stack=true -Djava.io.tmpdir=D:\SCM_Tools\sonarqube-5.1.2\temp -cp ./lib/common/*;./lib/server/*;D:\SCM_Tools\sonarqube-5.1.2\lib\jdbc\mysql\mysql-connector-java-5.1.34.jar org.sonar.server.app.WebServer C:\Users\ADMINI~1\AppData\Local\Temp\2\sq-process3881674001248426493properties
2016.05.24 05:20:29 INFO  web[o.s.p.ProcessEntryPoint] Starting web
2016.05.24 05:20:30 INFO  web[o.s.s.app.Webapp] Webapp directory: D:\SCM_Tools\sonarqube-5.1.2\web
2016.05.24 05:20:30 INFO  web[o.a.c.h.Http11NioProtocol] Initializing ProtocolHandler ["http-nio-127.0.0.1-9000"]
2016.05.24 05:20:30 INFO  web[o.a.t.u.n.NioSelectorPool] Using a shared selector for servlet write/read
2016.05.24 05:20:31 INFO  web[o.e.plugins] [sonar-1464067220865] loaded [], sites []
2016.05.24 05:20:32 INFO  web[o.s.s.p.ServerImpl] SonarQube Server / 5.1.2 / 2a52a7106b2bfbd659c591c2d6fc09ad0ab2db5c
2016.05.24 05:20:32 INFO  web[o.s.c.p.Database] Create JDBC datasource for jdbc:mysql://localhost:3306/sonar?useUnicode=true&characterEncoding=utf8&rewriteBatchedStatements=true&useConfigs=maxPerformance
2016.05.24 05:20:33 INFO  web[o.s.s.p.DefaultServerFileSystem] SonarQube home: D:\SCM_Tools\sonarqube-5.1.2
2016.05.24 05:20:33 INFO  web[o.s.s.p.ServerPluginJarsInstaller] Install plugins
2016.05.24 05:20:33 INFO  web[o.s.s.p.ServerPluginJarsInstaller] Deploy plugin Core / 5.1.2 / 2a52a7106b2bfbd659c591c2d6fc09ad0ab2db5c
2016.05.24 05:20:33 INFO  web[o.s.s.p.ServerPluginJarsInstaller] Deploy plugin Email notifications / 5.1.2 / 2a52a7106b2bfbd659c591c2d6fc09ad0ab2db5c
2016.05.24 05:20:33 INFO  web[o.s.s.p.ServerPluginJarsInstaller] Deploy plugin Java / 3.0 / 65396a609ddface8b311a6a665aca92a7da694f1
2016.05.24 05:20:33 INFO  web[o.s.s.p.ServerPluginJarsInstaller] Deploy plugin Git / 1.0 / 9ce9d330c313c296fab051317cc5ad4b26319e07
2016.05.24 05:20:33 INFO  web[o.s.s.p.ServerPluginJarsInstaller] Deploy plugin English Pack / 5.1.2 / 2a52a7106b2bfbd659c591c2d6fc09ad0ab2db5c
2016.05.24 05:20:33 INFO  web[o.s.s.p.ServerPluginJarsInstaller] Deploy plugin SVN / 1.0 / 213fc8a8b582ff530b12dd4a59a6512be1071234
2016.05.24 05:20:33 INFO  web[o.s.s.p.RailsAppsDeployer] Deploy Ruby on Rails applications
2016.05.24 05:20:33 INFO  web[o.s.j.s.AbstractDatabaseConnector] Initializing Hibernate
2016.05.24 05:20:35 INFO  web[o.s.s.p.UpdateCenterClient] Update center: http://update.sonarsource.org/update-center.properties (no proxy)
2016.05.24 05:20:35 INFO  web[o.s.s.n.NotificationService] Notification service started (delay 60 sec.)
2016.05.24 05:20:35 INFO  web[o.s.s.s.IndexSynchronizer] Index rules
2016.05.24 05:20:35 INFO  web[o.s.s.s.IndexSynchronizer] Index activeRules
2016.05.24 05:20:35 INFO  web[o.s.s.s.RegisterMetrics] Register metrics
2016.05.24 05:20:36 INFO  web[o.s.s.s.RegisterMetrics] Cleaning quality gate conditions
2016.05.24 05:20:36 INFO  web[o.s.s.s.RegisterDebtModel] Register technical debt model
2016.05.24 05:20:36 INFO  web[o.s.s.r.RegisterRules] Register rules
2016.05.24 05:20:36 INFO  web[o.s.s.q.RegisterQualityProfiles] Register quality profiles
2016.05.24 05:20:37 INFO  web[o.s.s.s.RegisterNewMeasureFilters] Register measure filters
2016.05.24 05:20:37 INFO  web[o.s.s.s.RegisterDashboards] Register dashboards
2016.05.24 05:20:37 INFO  web[o.s.s.s.RegisterPermissionTemplates] Register permission templates
2016.05.24 05:20:37 INFO  web[o.s.s.s.RenameDeprecatedPropertyKeys] Rename deprecated property keys
2016.05.24 05:20:37 INFO  web[o.s.s.s.IndexSynchronizer] Index activities
2016.05.24 05:20:37 INFO  web[o.s.s.s.IndexSynchronizer] Index issues
2016.05.24 05:20:37 INFO  web[o.s.s.s.IndexSynchronizer] Index source lines
2016.05.24 05:20:37 INFO  web[o.s.s.s.IndexSynchronizer] Index users
2016.05.24 05:20:37 INFO  web[o.s.s.s.IndexSynchronizer] Index views
2016.05.24 05:20:37 INFO  web[jruby.rack] jruby 1.7.9 (ruby-1.8.7p370) 2013-12-06 87b108a on Java HotSpot(TM) 64-Bit Server VM 1.8.0_65-b17 [Windows Server 2012 R2-amd64]
2016.05.24 05:20:37 INFO  web[jruby.rack] using a shared (threadsafe!) runtime
2016.05.24 05:20:45 INFO  web[jruby.rack] keeping custom (config.logger) Rails logger instance
2016.05.24 05:20:45 INFO  web[o.a.c.h.Http11NioProtocol] Starting ProtocolHandler ["http-nio-127.0.0.1-9000"]
2016.05.24 05:20:45 INFO  web[o.s.s.a.TomcatAccessLog] Web server is started
2016.05.24 05:20:45 INFO  web[o.s.s.a.EmbeddedTomcat] HTTP connector enabled on port 9000
2016.05.24 05:20:46 INFO  app[o.s.p.m.Monitor] Process[web] is up
2016.05.24 05:31:58 INFO  web[o.s.s.c.ComputationService] Analysis of project com.mkyong:CounterWebApp (report 1) (done) | time=1311ms
2016.05.24 09:04:35 INFO  web[o.s.s.c.ComputationService] Analysis of project com.mkyong:CounterWebApp (report 2) (done) | time=663ms
2016.05.24 09:28:34 INFO  web[o.s.s.c.ComputationService] Analysis of project com.mkyong:CounterWebApp (report 3) (done) | time=794ms
2016.05.24 09:39:54 INFO  web[o.s.s.c.ComputationService] Analysis of project com.mkyong:CounterWebApp (report 4) (done) | time=593ms
2016.05.24 09:46:03 INFO  web[o.s.s.c.ComputationService] Analysis of project com.mkyong:CounterWebApp (report 5) (done) | time=714ms
2016.05.24 09:49:50 INFO  web[o.s.s.c.ComputationService] Analysis of project com.mkyong:CounterWebApp (report 6) (done) | time=2308ms
2016.05.24 09:53:06 INFO  web[o.s.s.c.ComputationService] Analysis of project com.mkyong:CounterWebApp (report 7) (done) | time=716ms
Exception in thread "AWT-EventQueue-0" java.lang.ClassCastException: sun.java2d.HeadlessGraphicsEnvironment cannot be cast to sun.awt.Win32GraphicsEnvironment
	at sun.awt.windows.WToolkit$3.run(Unknown Source)
	at java.awt.event.InvocationEvent.dispatch(Unknown Source)
	at java.awt.EventQueue.dispatchEventImpl(Unknown Source)
	at java.awt.EventQueue.access$500(Unknown Source)
	at java.awt.EventQueue$3.run(Unknown Source)
	at java.awt.EventQueue$3.run(Unknown Source)
	at java.security.AccessController.doPrivileged(Native Method)
	at java.security.ProtectionDomain$JavaSecurityAccessImpl.doIntersectionPrivilege(Unknown Source)
	at java.awt.EventQueue.dispatchEvent(Unknown Source)
	at java.awt.EventDispatchThread.pumpOneEventForFilters(Unknown Source)
	at java.awt.EventDispatchThread.pumpEventsForFilter(Unknown Source)
	at java.awt.EventDispatchThread.pumpEventsForHierarchy(Unknown Source)
	at java.awt.EventDispatchThread.pumpEvents(Unknown Source)
	at java.awt.EventDispatchThread.pumpEvents(Unknown Source)
	at java.awt.EventDispatchThread.run(Unknown Source)
Exception in thread "AWT-EventQueue-0" java.lang.ClassCastException: sun.java2d.HeadlessGraphicsEnvironment cannot be cast to sun.awt.Win32GraphicsEnvironment
	at sun.awt.windows.WToolkit$3.run(Unknown Source)
	at java.awt.event.InvocationEvent.dispatch(Unknown Source)
	at java.awt.EventQueue.dispatchEventImpl(Unknown Source)
	at java.awt.EventQueue.access$500(Unknown Source)
	at java.awt.EventQueue$3.run(Unknown Source)
	at java.awt.EventQueue$3.run(Unknown Source)
	at java.security.AccessController.doPrivileged(Native Method)
	at java.security.ProtectionDomain$JavaSecurityAccessImpl.doIntersectionPrivilege(Unknown Source)
	at java.awt.EventQueue.dispatchEvent(Unknown Source)
	at java.awt.EventDispatchThread.pumpOneEventForFilters(Unknown Source)
	at java.awt.EventDispatchThread.pumpEventsForFilter(Unknown Source)
	at java.awt.EventDispatchThread.pumpEventsForHierarchy(Unknown Source)
	at java.awt.EventDispatchThread.pumpEvents(Unknown Source)
	at java.awt.EventDispatchThread.pumpEvents(Unknown Source)
	at java.awt.EventDispatchThread.run(Unknown Source)
Exception in thread "AWT-EventQueue-0" java.lang.ClassCastException: sun.java2d.HeadlessGraphicsEnvironment cannot be cast to sun.awt.Win32GraphicsEnvironment
	at sun.awt.windows.WToolkit$3.run(Unknown Source)
	at java.awt.event.InvocationEvent.dispatch(Unknown Source)
	at java.awt.EventQueue.dispatchEventImpl(Unknown Source)
	at java.awt.EventQueue.access$500(Unknown Source)
	at java.awt.EventQueue$3.run(Unknown Source)
	at java.awt.EventQueue$3.run(Unknown Source)
	at java.security.AccessController.doPrivileged(Native Method)
	at java.security.ProtectionDomain$JavaSecurityAccessImpl.doIntersectionPrivilege(Unknown Source)
	at java.awt.EventQueue.dispatchEvent(Unknown Source)
	at java.awt.EventDispatchThread.pumpOneEventForFilters(Unknown Source)
	at java.awt.EventDispatchThread.pumpEventsForFilter(Unknown Source)
	at java.awt.EventDispatchThread.pumpEventsForHierarchy(Unknown Source)
	at java.awt.EventDispatchThread.pumpEvents(Unknown Source)
	at java.awt.EventDispatchThread.pumpEvents(Unknown Source)
	at java.awt.EventDispatchThread.run(Unknown Source)
Exception in thread "AWT-EventQueue-0" java.lang.ClassCastException: sun.java2d.HeadlessGraphicsEnvironment cannot be cast to sun.awt.Win32GraphicsEnvironment
	at sun.awt.windows.WToolkit$3.run(Unknown Source)
	at java.awt.event.InvocationEvent.dispatch(Unknown Source)
	at java.awt.EventQueue.dispatchEventImpl(Unknown Source)
	at java.awt.EventQueue.access$500(Unknown Source)
	at java.awt.EventQueue$3.run(Unknown Source)
	at java.awt.EventQueue$3.run(Unknown Source)
	at java.security.AccessController.doPrivileged(Native Method)
	at java.security.ProtectionDomain$JavaSecurityAccessImpl.doIntersectionPrivilege(Unknown Source)
	at java.awt.EventQueue.dispatchEvent(Unknown Source)
	at java.awt.EventDispatchThread.pumpOneEventForFilters(Unknown Source)
	at java.awt.EventDispatchThread.pumpEventsForFilter(Unknown Source)
	at java.awt.EventDispatchThread.pumpEventsForHierarchy(Unknown Source)
	at java.awt.EventDispatchThread.pumpEvents(Unknown Source)
	at java.awt.EventDispatchThread.pumpEvents(Unknown Source)
	at java.awt.EventDispatchThread.run(Unknown Source)
Exception in thread "AWT-EventQueue-0" java.lang.ClassCastException: sun.java2d.HeadlessGraphicsEnvironment cannot be cast to sun.awt.Win32GraphicsEnvironment
	at sun.awt.windows.WToolkit$3.run(Unknown Source)
	at java.awt.event.InvocationEvent.dispatch(Unknown Source)
	at java.awt.EventQueue.dispatchEventImpl(Unknown Source)
	at java.awt.EventQueue.access$500(Unknown Source)
	at java.awt.EventQueue$3.run(Unknown Source)
	at java.awt.EventQueue$3.run(Unknown Source)
	at java.security.AccessController.doPrivileged(Native Method)
	at java.security.ProtectionDomain$JavaSecurityAccessImpl.doIntersectionPrivilege(Unknown Source)
	at java.awt.EventQueue.dispatchEvent(Unknown Source)
	at java.awt.EventDispatchThread.pumpOneEventForFilters(Unknown Source)
	at java.awt.EventDispatchThread.pumpEventsForFilter(Unknown Source)
	at java.awt.EventDispatchThread.pumpEventsForHierarchy(Unknown Source)
	at java.awt.EventDispatchThread.pumpEvents(Unknown Source)
	at java.awt.EventDispatchThread.pumpEvents(Unknown Source)
	at java.awt.EventDispatchThread.run(Unknown Source)
Exception in thread "AWT-EventQueue-0" java.lang.ClassCastException: sun.java2d.HeadlessGraphicsEnvironment cannot be cast to sun.awt.Win32GraphicsEnvironment
	at sun.awt.windows.WToolkit$3.run(Unknown Source)
	at java.awt.event.InvocationEvent.dispatch(Unknown Source)
	at java.awt.EventQueue.dispatchEventImpl(Unknown Source)
	at java.awt.EventQueue.access$500(Unknown Source)
	at java.awt.EventQueue$3.run(Unknown Source)
	at java.awt.EventQueue$3.run(Unknown Source)
	at java.security.AccessController.doPrivileged(Native Method)
	at java.security.ProtectionDomain$JavaSecurityAccessImpl.doIntersectionPrivilege(Unknown Source)
	at java.awt.EventQueue.dispatchEvent(Unknown Source)
	at java.awt.EventDispatchThread.pumpOneEventForFilters(Unknown Source)
	at java.awt.EventDispatchThread.pumpEventsForFilter(Unknown Source)
	at java.awt.EventDispatchThread.pumpEventsForHierarchy(Unknown Source)
	at java.awt.EventDispatchThread.pumpEvents(Unknown Source)
	at java.awt.EventDispatchThread.pumpEvents(Unknown Source)
	at java.awt.EventDispatchThread.run(Unknown Source)
Exception in thread "AWT-EventQueue-0" java.lang.ClassCastException: sun.java2d.HeadlessGraphicsEnvironment cannot be cast to sun.awt.Win32GraphicsEnvironment
	at sun.awt.windows.WToolkit$3.run(Unknown Source)
	at java.awt.event.InvocationEvent.dispatch(Unknown Source)
	at java.awt.EventQueue.dispatchEventImpl(Unknown Source)
	at java.awt.EventQueue.access$500(Unknown Source)
	at java.awt.EventQueue$3.run(Unknown Source)
	at java.awt.EventQueue$3.run(Unknown Source)
	at java.security.AccessController.doPrivileged(Native Method)
	at java.security.ProtectionDomain$JavaSecurityAccessImpl.doIntersectionPrivilege(Unknown Source)
	at java.awt.EventQueue.dispatchEvent(Unknown Source)
	at java.awt.EventDispatchThread.pumpOneEventForFilters(Unknown Source)
	at java.awt.EventDispatchThread.pumpEventsForFilter(Unknown Source)
	at java.awt.EventDispatchThread.pumpEventsForHierarchy(Unknown Source)
	at java.awt.EventDispatchThread.pumpEvents(Unknown Source)
	at java.awt.EventDispatchThread.pumpEvents(Unknown Source)
	at java.awt.EventDispatchThread.run(Unknown Source)
Exception in thread "AWT-EventQueue-0" java.lang.ClassCastException: sun.java2d.HeadlessGraphicsEnvironment cannot be cast to sun.awt.Win32GraphicsEnvironment
	at sun.awt.windows.WToolkit$3.run(Unknown Source)
	at java.awt.event.InvocationEvent.dispatch(Unknown Source)
	at java.awt.EventQueue.dispatchEventImpl(Unknown Source)
	at java.awt.EventQueue.access$500(Unknown Source)
	at java.awt.EventQueue$3.run(Unknown Source)
	at java.awt.EventQueue$3.run(Unknown Source)
	at java.security.AccessController.doPrivileged(Native Method)
	at java.security.ProtectionDomain$JavaSecurityAccessImpl.doIntersectionPrivilege(Unknown Source)
	at java.awt.EventQueue.dispatchEvent(Unknown Source)
	at java.awt.EventDispatchThread.pumpOneEventForFilters(Unknown Source)
	at java.awt.EventDispatchThread.pumpEventsForFilter(Unknown Source)
	at java.awt.EventDispatchThread.pumpEventsForHierarchy(Unknown Source)
	at java.awt.EventDispatchThread.pumpEvents(Unknown Source)
	at java.awt.EventDispatchThread.pumpEvents(Unknown Source)
	at java.awt.EventDispatchThread.run(Unknown Source)
Exception in thread "AWT-EventQueue-0" java.lang.ClassCastException: sun.java2d.HeadlessGraphicsEnvironment cannot be cast to sun.awt.Win32GraphicsEnvironment
	at sun.awt.windows.WToolkit$3.run(Unknown Source)
	at java.awt.event.InvocationEvent.dispatch(Unknown Source)
	at java.awt.EventQueue.dispatchEventImpl(Unknown Source)
	at java.awt.EventQueue.access$500(Unknown Source)
	at java.awt.EventQueue$3.run(Unknown Source)
	at java.awt.EventQueue$3.run(Unknown Source)
	at java.security.AccessController.doPrivileged(Native Method)
	at java.security.ProtectionDomain$JavaSecurityAccessImpl.doIntersectionPrivilege(Unknown Source)
	at java.awt.EventQueue.dispatchEvent(Unknown Source)
	at java.awt.EventDispatchThread.pumpOneEventForFilters(Unknown Source)
	at java.awt.EventDispatchThread.pumpEventsForFilter(Unknown Source)
	at java.awt.EventDispatchThread.pumpEventsForHierarchy(Unknown Source)
	at java.awt.EventDispatchThread.pumpEvents(Unknown Source)
	at java.awt.EventDispatchThread.pumpEvents(Unknown Source)
	at java.awt.EventDispatchThread.run(Unknown Source)
Exception in thread "AWT-EventQueue-0" java.lang.ClassCastException: sun.java2d.HeadlessGraphicsEnvironment cannot be cast to sun.awt.Win32GraphicsEnvironment
	at sun.awt.windows.WToolkit$3.run(Unknown Source)
	at java.awt.event.InvocationEvent.dispatch(Unknown Source)
	at java.awt.EventQueue.dispatchEventImpl(Unknown Source)
	at java.awt.EventQueue.access$500(Unknown Source)
	at java.awt.EventQueue$3.run(Unknown Source)
	at java.awt.EventQueue$3.run(Unknown Source)
	at java.security.AccessController.doPrivileged(Native Method)
	at java.security.ProtectionDomain$JavaSecurityAccessImpl.doIntersectionPrivilege(Unknown Source)
	at java.awt.EventQueue.dispatchEvent(Unknown Source)
	at java.awt.EventDispatchThread.pumpOneEventForFilters(Unknown Source)
	at java.awt.EventDispatchThread.pumpEventsForFilter(Unknown Source)
	at java.awt.EventDispatchThread.pumpEventsForHierarchy(Unknown Source)
	at java.awt.EventDispatchThread.pumpEvents(Unknown Source)
	at java.awt.EventDispatchThread.pumpEvents(Unknown Source)
	at java.awt.EventDispatchThread.run(Unknown Source)
Exception in thread "AWT-EventQueue-0" java.lang.ClassCastException: sun.java2d.HeadlessGraphicsEnvironment cannot be cast to sun.awt.Win32GraphicsEnvironment
	at sun.awt.windows.WToolkit$3.run(Unknown Source)
	at java.awt.event.InvocationEvent.dispatch(Unknown Source)
	at java.awt.EventQueue.dispatchEventImpl(Unknown Source)
	at java.awt.EventQueue.access$500(Unknown Source)
	at java.awt.EventQueue$3.run(Unknown Source)
	at java.awt.EventQueue$3.run(Unknown Source)
	at java.security.AccessController.doPrivileged(Native Method)
	at java.security.ProtectionDomain$JavaSecurityAccessImpl.doIntersectionPrivilege(Unknown Source)
	at java.awt.EventQueue.dispatchEvent(Unknown Source)
	at java.awt.EventDispatchThread.pumpOneEventForFilters(Unknown Source)
	at java.awt.EventDispatchThread.pumpEventsForFilter(Unknown Source)
	at java.awt.EventDispatchThread.pumpEventsForHierarchy(Unknown Source)
	at java.awt.EventDispatchThread.pumpEvents(Unknown Source)
	at java.awt.EventDispatchThread.pumpEvents(Unknown Source)
	at java.awt.EventDispatchThread.run(Unknown Source)
